============================================================
Time  2026/03/11 19:54:44 174 
============================================================
[2026/03/11 19:54:44 208] tts        811  SYS_MSG_REGCB param0 =  msp_status_cb  param1 =  func(d8016660) 
[2026/03/11 19:54:44 260] config     43   use general cloud  
[2026/03/11 19:54:44 362] tts_cloud  1438 SYS_MSG_REGCB_CLOUD param0 =   msp_status_cb  param1 =  func(d8016660) 
[2026/03/11 19:54:44 410] tts        782  TTS_MSG_SSB  
[2026/03/11 19:54:44 421] tts        434  params =  engine_type = local,voice_name=xiaoyan, text_encoding = UTF8, tts_res_path = fo|res/tts/xiaoyan.jet;fo|res/tts/common.jet, sample_rate = 16000, speed = 50, volume = 50, pitch = 50, rdn = 2  
[2026/03/11 19:54:44 476] tts        273  auf=audio/L16;rate=16000  
[2026/03/11 19:54:44 503] tts        273  auf=audio/L16;rate=16000  
[2026/03/11 19:54:44 514] tts        471  ssb|use local  
[2026/03/11 19:54:44 521] tts        385  local_session_begin  
[2026/03/11 19:54:44 740] tts        789  TTS_MSG_SYN  0  
[2026/03/11 19:54:44 763] tts        514  synth|use local  
[2026/03/11 19:54:44 894] tts        792  TTS_MSG_GETAUDIO  0  
[2026/03/11 19:54:44 924] tts        557  get audio|use local  
[2026/03/11 19:54:44 944] tts        599  0  nil  1  
[2026/03/11 19:54:45 128] tts        792  TTS_MSG_GETAUDIO  0  
[2026/03/11 19:54:45 149] tts        557  get audio|use local  
[2026/03/11 19:54:45 220] tts        599  0  nil  1  
[2026/03/11 19:54:45 303] tts        792  TTS_MSG_GETAUDIO  0  
[2026/03/11 19:54:45 335] tts        557  get audio|use local  
[2026/03/11 19:54:45 364] tts        599  0  nil  1  
[2026/03/11 19:54:45 489] tts        792  TTS_MSG_GETAUDIO  0  
[2026/03/11 19:54:45 527] tts        557  get audio|use local  
[2026/03/11 19:54:45 541] tts        599  0  nil  1  
[2026/03/11 19:54:45 628] tts        792  TTS_MSG_GETAUDIO  0  
[2026/03/11 19:54:45 651] tts        557  get audio|use local  
[2026/03/11 19:54:45 684] tts        599  0  nil  1  
[2026/03/11 19:54:45 779] tts        792  TTS_MSG_GETAUDIO  0  
[2026/03/11 19:54:45 792] tts        557  get audio|use local  
[2026/03/11 19:54:45 805] tts        599  0  nil  1  
[2026/03/11 19:54:45 921] tts        792  TTS_MSG_GETAUDIO  0  
[2026/03/11 19:54:45 960] tts        557  get audio|use local  
[2026/03/11 19:54:45 973] tts        599  0  nil  1  
[2026/03/11 19:54:46 090] tts        792  TTS_MSG_GETAUDIO  0  
[2026/03/11 19:54:46 112] tts        557  get audio|use local  
[2026/03/11 19:54:46 145] tts        599  0  nil  1  
[2026/03/11 19:54:46 204] tts        792  TTS_MSG_GETAUDIO  0  
[2026/03/11 19:54:46 213] tts        557  get audio|use local  
[2026/03/11 19:54:46 232] tts        599  0  nil  1  
[2026/03/11 19:54:46 278] tts        792  TTS_MSG_GETAUDIO  0  
[2026/03/11 19:54:46 287] tts        557  get audio|use local  
[2026/03/11 19:54:46 298] tts        599  0  nil  1  
[2026/03/11 19:54:46 358] tts        792  TTS_MSG_GETAUDIO  0  
[2026/03/11 19:54:46 380] tts        557  get audio|use local  
[2026/03/11 19:54:46 391] tts        599  0  nil  1  
[2026/03/11 19:54:46 468] tts        792  TTS_MSG_GETAUDIO  0  
[2026/03/11 19:54:46 504] tts        557  get audio|use local  
[2026/03/11 19:54:46 529] tts        599  0  nil  1  
[2026/03/11 19:54:46 612] tts        792  TTS_MSG_GETAUDIO  0  
[2026/03/11 19:54:46 634] tts        557  get audio|use local  
[2026/03/11 19:54:46 657] tts        599  0  nil  1  
[2026/03/11 19:54:46 742] tts        792  TTS_MSG_GETAUDIO  0  
[2026/03/11 19:54:46 757] tts        557  get audio|use local  
[2026/03/11 19:54:46 778] tts        599  0  nil  1  
[2026/03/11 19:54:46 861] tts        792  TTS_MSG_GETAUDIO  0  
[2026/03/11 19:54:46 973] tts        557  get audio|use local  
[2026/03/11 19:54:47 008] tts        599  0  nil  1  
[2026/03/11 19:54:47 196] tts        792  TTS_MSG_GETAUDIO  0  
[2026/03/11 19:54:47 225] tts        557  get audio|use local  
[2026/03/11 19:54:47 253] tts        599  0  nil  1  
[2026/03/11 19:54:47 305] tts        792  TTS_MSG_GETAUDIO  0  
[2026/03/11 19:54:47 328] tts        557  get audio|use local  
[2026/03/11 19:54:47 352] tts        599  0  nil  1  
[2026/03/11 19:54:47 412] tts        792  TTS_MSG_GETAUDIO  0  
[2026/03/11 19:54:47 424] tts        557  get audio|use local  
[2026/03/11 19:54:47 436] tts        599  0  nil  1  
[2026/03/11 19:54:47 481] tts        792  TTS_MSG_GETAUDIO  0  
[2026/03/11 19:54:47 496] tts        557  get audio|use local  
[2026/03/11 19:54:47 504] tts        599  0  nil  1  
[2026/03/11 19:54:47 537] tts        792  TTS_MSG_GETAUDIO  0  
[2026/03/11 19:54:47 545] tts        557  get audio|use local  
[2026/03/11 19:54:47 556] tts        599  0  nil  1  
[2026/03/11 19:54:47 590] tts        792  TTS_MSG_GETAUDIO  0  
[2026/03/11 19:54:47 596] tts        557  get audio|use local  
[2026/03/11 19:54:47 608] tts        599  0  nil  1  
[2026/03/11 19:54:47 735] tts        792  TTS_MSG_GETAUDIO  0  
[2026/03/11 19:54:47 760] tts        557  get audio|use local  
[2026/03/11 19:54:47 791] tts        599  0  nil  1  
[2026/03/11 19:54:47 873] tts        792  TTS_MSG_GETAUDIO  0  
[2026/03/11 19:54:48 053] tts        557  get audio|use local  
[2026/03/11 19:54:48 068] tts        599  0  nil  1  
[2026/03/11 19:54:48 116] tts        792  TTS_MSG_GETAUDIO  0  
[2026/03/11 19:54:48 117] tts        557  get audio|use local  
[2026/03/11 19:54:48 117] tts        599  0  nil  1  
[2026/03/11 19:54:48 222] tts        792  TTS_MSG_GETAUDIO  0  
[2026/03/11 19:54:48 225] tts        557  get audio|use local  
[2026/03/11 19:54:48 250] tts        599  0  nil  1  
[2026/03/11 19:54:48 340] tts        792  TTS_MSG_GETAUDIO  0  
[2026/03/11 19:54:48 364] tts        557  get audio|use local  
[2026/03/11 19:54:48 386] tts        599  0  nil  1  
[2026/03/11 19:54:48 483] tts        792  TTS_MSG_GETAUDIO  0  
[2026/03/11 19:54:48 498] tts        557  get audio|use local  
[2026/03/11 19:54:48 520] tts        599  0  nil  1  
[2026/03/11 19:54:48 587] tts        792  TTS_MSG_GETAUDIO  0  
[2026/03/11 19:54:48 608] tts        557  get audio|use local  
[2026/03/11 19:54:48 620] tts        599  0  nil  1  
[2026/03/11 19:54:48 679] tts        792  TTS_MSG_GETAUDIO  0  
[2026/03/11 19:54:48 696] tts        557  get audio|use local  
[2026/03/11 19:54:48 712] tts        599  0  nil  1  
[2026/03/11 19:54:48 774] tts        792  TTS_MSG_GETAUDIO  0  
[2026/03/11 19:54:48 787] tts        557  get audio|use local  
[2026/03/11 19:54:48 806] tts        599  0  nil  1  
[2026/03/11 19:54:48 885] tts        792  TTS_MSG_GETAUDIO  0  
[2026/03/11 19:54:48 911] tts        557  get audio|use local  
[2026/03/11 19:54:48 935] tts        599  0  nil  1  
[2026/03/11 19:54:49 030] tts        792  TTS_MSG_GETAUDIO  0  
[2026/03/11 19:54:49 078] tts        557  get audio|use local  
[2026/03/11 19:54:49 088] tts        599  0  nil  1  
[2026/03/11 19:54:49 159] tts        792  TTS_MSG_GETAUDIO  0  
[2026/03/11 19:54:49 173] tts        557  get audio|use local  
[2026/03/11 19:54:49 229] tts        599  0  nil  1  
[2026/03/11 19:54:49 308] tts        792  TTS_MSG_GETAUDIO  0  
[2026/03/11 19:54:49 334] tts        557  get audio|use local  
[2026/03/11 19:54:49 425] tts        599  0  nil  1  
[2026/03/11 19:54:49 516] tts        792  TTS_MSG_GETAUDIO  0  
[2026/03/11 19:54:49 551] tts        557  get audio|use local  
[2026/03/11 19:54:49 555] tts        599  0  nil  1  
[2026/03/11 19:54:49 641] tts        792  TTS_MSG_GETAUDIO  0  
[2026/03/11 19:54:49 724] tts        557  get audio|use local  
[2026/03/11 19:54:49 763] tts        599  0  nil  1  
[2026/03/11 19:54:49 809] tts        792  TTS_MSG_GETAUDIO  0  
[2026/03/11 19:54:49 848] tts        557  get audio|use local  
[2026/03/11 19:54:49 884] tts        599  0  nil  1  
[2026/03/11 19:54:49 932] tts        792  TTS_MSG_GETAUDIO  0  
[2026/03/11 19:54:49 984] tts        557  get audio|use local  
[2026/03/11 19:54:50 024] tts        599  0  nil  1  
[2026/03/11 19:54:50 183] tts        792  TTS_MSG_GETAUDIO  0  
[2026/03/11 19:54:50 237] tts        557  get audio|use local  
[2026/03/11 19:54:50 319] tts        599  0  nil  1  
[2026/03/11 19:54:50 417] tts        792  TTS_MSG_GETAUDIO  0  
[2026/03/11 19:54:50 444] tts        557  get audio|use local  
[2026/03/11 19:54:50 478] tts        599  0  nil  1  
[2026/03/11 19:54:50 534] tts        792  TTS_MSG_GETAUDIO  0  
[2026/03/11 19:54:50 572] tts        557  get audio|use local  
[2026/03/11 19:54:50 591] tts        599  0  nil  1  
[2026/03/11 19:54:50 640] tts        792  TTS_MSG_GETAUDIO  0  
[2026/03/11 19:54:50 687] tts        557  get audio|use local  
[2026/03/11 19:54:50 740] tts        599  0  nil  1  
[2026/03/11 19:54:50 851] tts        792  TTS_MSG_GETAUDIO  0  
[2026/03/11 19:54:50 919] tts        557  get audio|use local  
[2026/03/11 19:54:50 963] tts        599  0  nil  1  
[2026/03/11 19:54:51 014] tts        301  TTS_LOCAL_CB_BEGIN  
[2026/03/11 19:54:51 085] tts        792  TTS_MSG_GETAUDIO  0  
[2026/03/11 19:54:51 122] tts        557  get audio|use local  
[2026/03/11 19:54:51 204] tts        599  0  nil  1  
[2026/03/11 19:54:51 384] tts        317  TTS_LOCAL_CB_OUTPUT  101  udata(d806f6e8) 48  
[2026/03/11 19:54:51 512] tts        321  udata(d806f6e8) 48  
[2026/03/11 19:54:51 573] tts        792  TTS_MSG_GETAUDIO  0  
[2026/03/11 19:54:51 593] tts        557  get audio|use local  
[2026/03/11 19:54:52 021] tts        570  local audiolen:  212  ,ced:  48  
[2026/03/11 19:54:52 320] tts        599  0  udata(d807e578) 1  
[2026/03/11 19:54:52 363] tts        317  TTS_LOCAL_CB_OUTPUT  101  udata(d8059e98) 48  
[2026/03/11 19:54:52 668] tts        321  udata(d8059e98) 48  
[2026/03/11 19:54:52 926] tts        317  TTS_LOCAL_CB_OUTPUT  101  udata(d807e7a8) 48  
[2026/03/11 19:54:52 962] tts        321  udata(d807e7a8) 48  
[2026/03/11 19:54:53 329] tts        792  TTS_MSG_GETAUDIO  0  
[2026/03/11 19:54:53 400] tts        557  get audio|use local  
[2026/03/11 19:54:53 576] tts        570  local audiolen:  6148  ,ced:  48  
[2026/03/11 19:54:53 598] tts        599  0  udata(d8017908) 1  
[2026/03/11 19:54:53 674] tts        792  TTS_MSG_GETAUDIO  0  
[2026/03/11 19:54:53 735] tts        557  get audio|use local  
[2026/03/11 19:54:53 794] tts        570  local audiolen:  3050  ,ced:  48  
[2026/03/11 19:54:53 876] tts        599  0  udata(d806f648) 1  
[2026/03/11 19:54:54 071] tts        317  TTS_LOCAL_CB_OUTPUT  101  udata(d806f868) 48  
[2026/03/11 19:54:54 101] tts        321  udata(d806f868) 48  
[2026/03/11 19:54:54 160] tts        792  TTS_MSG_GETAUDIO  0  
[2026/03/11 19:54:54 202] tts        557  get audio|use local  
[2026/03/11 19:54:54 308] tts        570  local audiolen:  8468  ,ced:  48  
[2026/03/11 19:54:54 432] tts        599  0  udata(d806f698) 1  
[2026/03/11 19:54:54 489] tts        317  TTS_LOCAL_CB_OUTPUT  101  udata(d807e678) 48  
[2026/03/11 19:54:54 523] tts        321  udata(d807e678) 48  
[2026/03/11 19:54:54 608] tts        792  TTS_MSG_GETAUDIO  0  
[2026/03/11 19:54:54 619] tts        557  get audio|use local  
[2026/03/11 19:54:54 653] tts        570  local audiolen:  14758  ,ced:  48  
[2026/03/11 19:54:54 672] tts        599  0  udata(d807e848) 1  
[2026/03/11 19:54:54 727] tts        792  TTS_MSG_GETAUDIO  0  
[2026/03/11 19:54:54 749] tts        557  get audio|use local  
[2026/03/11 19:54:54 768] tts        599  0  nil  1  
[2026/03/11 19:54:54 828] tts        792  TTS_MSG_GETAUDIO  0  
[2026/03/11 19:54:54 849] tts        557  get audio|use local  
[2026/03/11 19:54:54 874] tts        599  0  nil  1  
[2026/03/11 19:54:54 933] tts        792  TTS_MSG_GETAUDIO  0  
[2026/03/11 19:54:54 942] tts        557  get audio|use local  
[2026/03/11 19:54:54 976] tts        599  0  nil  1  
[2026/03/11 19:54:55 019] tts        317  TTS_LOCAL_CB_OUTPUT  101  udata(d807e928) 48  
[2026/03/11 19:54:55 058] tts        321  udata(d807e928) 48  
[2026/03/11 19:54:55 105] tts        317  TTS_LOCAL_CB_OUTPUT  101  udata(d806f4f8) 48  
[2026/03/11 19:54:55 126] tts        321  udata(d806f4f8) 48  
[2026/03/11 19:54:55 195] tts        317  TTS_LOCAL_CB_OUTPUT  101  udata(d807eaa8) 48  
[2026/03/11 19:54:55 206] tts        321  udata(d807eaa8) 48  
[2026/03/11 19:54:55 238] tts        317  TTS_LOCAL_CB_OUTPUT  101  udata(d807eba8) 48  
[2026/03/11 19:54:55 270] tts        321  udata(d807eba8) 48  
[2026/03/11 19:54:55 318] tts        792  TTS_MSG_GETAUDIO  0  
[2026/03/11 19:54:55 337] tts        557  get audio|use local  
[2026/03/11 19:54:55 351] tts        570  local audiolen:  4798  ,ced:  48  
[2026/03/11 19:54:55 376] tts        599  0  udata(d807ed08) 1  
[2026/03/11 19:54:55 454] tts        792  TTS_MSG_GETAUDIO  0  
[2026/03/11 19:54:55 519] tts        557  get audio|use local  
[2026/03/11 19:54:55 562] tts        570  local audiolen:  7168  ,ced:  48  
[2026/03/11 19:54:55 587] tts        599  0  udata(d807ed58) 1  
[2026/03/11 19:54:55 633] tts        317  TTS_LOCAL_CB_OUTPUT  101  udata(d807ee08) 48  
[2026/03/11 19:54:55 672] tts        321  udata(d807ee08) 48  
[2026/03/11 19:54:55 733] tts        317  TTS_LOCAL_CB_OUTPUT  101  udata(d807e9c8) 48  
[2026/03/11 19:54:55 752] tts        321  udata(d807e9c8) 48  
[2026/03/11 19:54:55 792] tts        792  TTS_MSG_GETAUDIO  0  
[2026/03/11 19:54:55 876] tts        557  get audio|use local  
[2026/03/11 19:54:55 905] tts        570  local audiolen:  7188  ,ced:  48  
[2026/03/11 19:54:55 944] tts        599  0  udata(d8089398) 1  
[2026/03/11 19:54:56 000] tts        792  TTS_MSG_GETAUDIO  0  
[2026/03/11 19:54:56 029] tts        557  get audio|use local  
[2026/03/11 19:54:56 049] tts        570  local audiolen:  2840  ,ced:  48  
[2026/03/11 19:54:56 063] tts        599  0  udata(d80893e8) 1  
[2026/03/11 19:54:56 142] tts        792  TTS_MSG_GETAUDIO  0  
[2026/03/11 19:54:56 162] tts        557  get audio|use local  
[2026/03/11 19:54:56 187] tts        570  local audiolen:  7204  ,ced:  48  
[2026/03/11 19:54:56 206] tts        599  0  udata(d8089438) 1  
[2026/03/11 19:54:56 280] tts        792  TTS_MSG_GETAUDIO  0  
[2026/03/11 19:54:56 313] tts        557  get audio|use local  
[2026/03/11 19:54:56 332] tts        570  local audiolen:  7180  ,ced:  48  
[2026/03/11 19:54:56 342] tts        599  0  udata(d8089488) 1  
[2026/03/11 19:54:56 402] tts        792  TTS_MSG_GETAUDIO  0  
[2026/03/11 19:54:56 424] tts        557  get audio|use local  
[2026/03/11 19:54:56 467] tts        599  0  nil  1  
[2026/03/11 19:54:56 494] tts        792  TTS_MSG_GETAUDIO  0  
[2026/03/11 19:54:56 504] tts        557  get audio|use local  
[2026/03/11 19:54:56 550] tts        599  0  nil  1  
[2026/03/11 19:54:56 634] tts        792  TTS_MSG_GETAUDIO  0  
[2026/03/11 19:54:56 648] tts        557  get audio|use local  
[2026/03/11 19:54:56 657] tts        599  0  nil  1  
[2026/03/11 19:54:56 688] tts        317  TTS_LOCAL_CB_OUTPUT  101  udata(d8089538) 48  
[2026/03/11 19:54:56 744] tts        321  udata(d8089538) 48  
[2026/03/11 19:54:56 760] tts        792  TTS_MSG_GETAUDIO  0  
[2026/03/11 19:54:56 788] tts        557  get audio|use local  
[2026/03/11 19:54:56 803] tts        570  local audiolen:  9618  ,ced:  48  
[2026/03/11 19:54:56 818] tts        599  0  udata(d80895d8) 1  
[2026/03/11 19:54:56 856] tts        317  TTS_LOCAL_CB_OUTPUT  101  udata(d8089628) 48  
[2026/03/11 19:54:56 882] tts        321  udata(d8089628) 48  
[2026/03/11 19:54:56 923] tts        317  TTS_LOCAL_CB_OUTPUT  101  udata(d8087168) 48  
[2026/03/11 19:54:56 935] tts        321  udata(d8087168) 48  
[2026/03/11 19:54:56 975] tts        317  TTS_LOCAL_CB_OUTPUT  101  udata(d8087268) 48  
[2026/03/11 19:54:56 986] tts        321  udata(d8087268) 48  
[2026/03/11 19:54:57 024] tts        792  TTS_MSG_GETAUDIO  0  
[2026/03/11 19:54:57 076] tts        557  get audio|use local  
[2026/03/11 19:54:57 098] tts        570  local audiolen:  5914  ,ced:  48  
[2026/03/11 19:54:57 119] tts        599  0  udata(d8088a98) 1  
[2026/03/11 19:54:57 163] tts        317  TTS_LOCAL_CB_OUTPUT  101  udata(d8088b48) 48  
[2026/03/11 19:54:57 213] tts        321  udata(d8088b48) 48  
[2026/03/11 19:54:57 296] tts        317  TTS_LOCAL_CB_OUTPUT  101  udata(d8088be8) 48  
[2026/03/11 19:54:57 306] tts        321  udata(d8088be8) 48  
[2026/03/11 19:54:57 343] tts        317  TTS_LOCAL_CB_OUTPUT  101  udata(d8088ce8) 48  
[2026/03/11 19:54:57 355] tts        321  udata(d8088ce8) 48  
[2026/03/11 19:54:57 430] tts        317  TTS_LOCAL_CB_OUTPUT  101  udata(d807eea8) 48  
[2026/03/11 19:54:57 443] tts        321  udata(d807eea8) 48  
[2026/03/11 19:54:57 482] tts        317  TTS_LOCAL_CB_OUTPUT  101  udata(d8088ff8) 48  
[2026/03/11 19:54:57 505] tts        321  udata(d8088ff8) 48  
[2026/03/11 19:54:57 558] tts        317  TTS_LOCAL_CB_OUTPUT  101  udata(d80890f8) 48  
[2026/03/11 19:54:57 579] tts        321  udata(d80890f8) 48  
[2026/03/11 19:54:57 625] tts        317  TTS_LOCAL_CB_OUTPUT  101  udata(d80891f8) 48  
[2026/03/11 19:54:57 647] tts        321  udata(d80891f8) 48  
[2026/03/11 19:54:57 670] tts        317  TTS_LOCAL_CB_OUTPUT  101  udata(d80892f8) 48  
[2026/03/11 19:54:57 694] tts        321  udata(d80892f8) 48  
[2026/03/11 19:54:57 725] tts        317  TTS_LOCAL_CB_OUTPUT  101  udata(d80703b8) 48  
[2026/03/11 19:54:57 755] tts        321  udata(d80703b8) 48  
[2026/03/11 19:54:57 797] tts        317  TTS_LOCAL_CB_OUTPUT  101  udata(d80704b8) 48  
[2026/03/11 19:54:57 835] tts        321  udata(d80704b8) 48  
[2026/03/11 19:54:57 864] tts        317  TTS_LOCAL_CB_OUTPUT  101  udata(d80705b8) 48  
[2026/03/11 19:54:57 890] tts        321  udata(d80705b8) 48  
[2026/03/11 19:54:57 939] tts        317  TTS_LOCAL_CB_OUTPUT  101  udata(d80706b8) 48  
[2026/03/11 19:54:57 956] tts        321  udata(d80706b8) 48  
[2026/03/11 19:54:57 985] tts        317  TTS_LOCAL_CB_OUTPUT  101  udata(d80707b8) 48  
[2026/03/11 19:54:58 007] tts        321  udata(d80707b8) 48  
[2026/03/11 19:54:58 058] tts        317  TTS_LOCAL_CB_OUTPUT  101  udata(d80708b8) 48  
[2026/03/11 19:54:58 075] tts        321  udata(d80708b8) 48  
[2026/03/11 19:54:58 143] tts        317  TTS_LOCAL_CB_OUTPUT  101  udata(d80709b8) 48  
[2026/03/11 19:54:58 175] tts        321  udata(d80709b8) 48  
[2026/03/11 19:54:58 201] tts        317  TTS_LOCAL_CB_OUTPUT  101  udata(d8070ab8) 48  
[2026/03/11 19:54:58 240] tts        321  udata(d8070ab8) 48  
[2026/03/11 19:54:58 256] tts        317  TTS_LOCAL_CB_OUTPUT  101  udata(d8070bb8) 48  
[2026/03/11 19:54:58 265] tts        321  udata(d8070bb8) 48  
[2026/03/11 19:54:58 298] tts        792  TTS_MSG_GETAUDIO  0  
[2026/03/11 19:54:58 342] tts        557  get audio|use local  
[2026/03/11 19:54:58 385] tts        570  local audiolen:  8576  ,ced:  48  
[2026/03/11 19:54:58 402] tts        599  0  udata(d8087368) 1  
[2026/03/11 19:54:58 449] tts        317  TTS_LOCAL_CB_OUTPUT  101  udata(d8087418) 48  
[2026/03/11 19:54:58 475] tts        321  udata(d8087418) 48  
[2026/03/11 19:54:58 506] tts        317  TTS_LOCAL_CB_OUTPUT  101  udata(d80874b8) 48  
[2026/03/11 19:54:58 557] tts        321  udata(d80874b8) 48  
[2026/03/11 19:54:58 620] tts        317  TTS_LOCAL_CB_OUTPUT  101  udata(d8088de8) 48  
[2026/03/11 19:54:58 660] tts        321  udata(d8088de8) 48  
[2026/03/11 19:54:58 690] tts        317  TTS_LOCAL_CB_OUTPUT  101  udata(d8088ee8) 48  
[2026/03/11 19:54:58 707] tts        321  udata(d8088ee8) 48  
[2026/03/11 19:54:58 757] tts        317  TTS_LOCAL_CB_OUTPUT  101  udata(d80879c8) 105  
[2026/03/11 19:54:58 780] tts        321  udata(d80879c8) 105  
[2026/03/11 19:54:58 828] tts        317  TTS_LOCAL_CB_OUTPUT  101  udata(d8087ac8) 105  
[2026/03/11 19:54:58 843] tts        321  udata(d8087ac8) 105  
[2026/03/11 19:54:58 878] tts        317  TTS_LOCAL_CB_OUTPUT  101  udata(d8087bc8) 105  
[2026/03/11 19:54:58 918] tts        321  udata(d8087bc8) 105  
[2026/03/11 19:54:58 952] tts        317  TTS_LOCAL_CB_OUTPUT  101  udata(d8087cc8) 105  
[2026/03/11 19:54:58 984] tts        321  udata(d8087cc8) 105  
[2026/03/11 19:54:59 009] tts        317  TTS_LOCAL_CB_OUTPUT  101  udata(d8087dc8) 105  
[2026/03/11 19:54:59 059] tts        321  udata(d8087dc8) 105  
[2026/03/11 19:54:59 105] tts        317  TTS_LOCAL_CB_OUTPUT  101  udata(d8087ec8) 105  
[2026/03/11 19:54:59 110] tts        321  udata(d8087ec8) 105  
[2026/03/11 19:54:59 149] tts        317  TTS_LOCAL_CB_OUTPUT  101  udata(d8087fc8) 105  
[2026/03/11 19:54:59 192] tts        321  udata(d8087fc8) 105  
[2026/03/11 19:54:59 212] tts        317  TTS_LOCAL_CB_OUTPUT  101  udata(d80880c8) 105  
[2026/03/11 19:54:59 251] tts        321  udata(d80880c8) 105  
[2026/03/11 19:54:59 270] tts        317  TTS_LOCAL_CB_OUTPUT  101  udata(d80881c8) 105  
[2026/03/11 19:54:59 284] tts        321  udata(d80881c8) 105  
[2026/03/11 19:54:59 324] tts        317  TTS_LOCAL_CB_OUTPUT  101  udata(d80882c8) 105  
[2026/03/11 19:54:59 344] tts        321  udata(d80882c8) 105  
[2026/03/11 19:54:59 379] tts        317  TTS_LOCAL_CB_OUTPUT  101  udata(d80883c8) 105  
[2026/03/11 19:54:59 430] tts        321  udata(d80883c8) 105  
[2026/03/11 19:54:59 470] tts        317  TTS_LOCAL_CB_OUTPUT  101  udata(d80884c8) 105  
[2026/03/11 19:54:59 485] tts        321  udata(d80884c8) 105  
[2026/03/11 19:54:59 538] tts        317  TTS_LOCAL_CB_OUTPUT  101  udata(d80885c8) 105  
[2026/03/11 19:54:59 554] tts        321  udata(d80885c8) 105  
[2026/03/11 19:54:59 586] tts        317  TTS_LOCAL_CB_OUTPUT  101  udata(d80886c8) 105  
[2026/03/11 19:54:59 625] tts        321  udata(d80886c8) 105  
[2026/03/11 19:54:59 650] tts        317  TTS_LOCAL_CB_OUTPUT  101  udata(d80887c8) 105  
[2026/03/11 19:54:59 690] tts        321  udata(d80887c8) 105  
[2026/03/11 19:54:59 720] tts        317  TTS_LOCAL_CB_OUTPUT  101  udata(d80888c8) 105  
[2026/03/11 19:54:59 759] tts        321  udata(d80888c8) 105  
[2026/03/11 19:54:59 785] tts        317  TTS_LOCAL_CB_OUTPUT  101  udata(d80889c8) 105  
[2026/03/11 19:54:59 823] tts        321  udata(d80889c8) 105  
[2026/03/11 19:54:59 850] tts        317  TTS_LOCAL_CB_OUTPUT  101  udata(d8070d18) 105  
[2026/03/11 19:54:59 902] tts        321  udata(d8070d18) 105  
[2026/03/11 19:54:59 956] tts        317  TTS_LOCAL_CB_OUTPUT  101  udata(d8070e18) 105  
[2026/03/11 19:55:00 016] tts        321  udata(d8070e18) 105  
[2026/03/11 19:55:00 042] tts        317  TTS_LOCAL_CB_OUTPUT  101  udata(d8070f18) 105  
[2026/03/11 19:55:00 069] tts        321  udata(d8070f18) 105  
[2026/03/11 19:55:00 145] tts        317  TTS_LOCAL_CB_OUTPUT  101  udata(d8071018) 105  
[2026/03/11 19:55:00 238] tts        321  udata(d8071018) 105  
[2026/03/11 19:55:00 276] tts        317  TTS_LOCAL_CB_OUTPUT  101  udata(d8071118) 105  
[2026/03/11 19:55:00 322] tts        321  udata(d8071118) 105  
[2026/03/11 19:55:00 378] tts        317  TTS_LOCAL_CB_OUTPUT  101  udata(d8071218) 105  
[2026/03/11 19:55:00 448] tts        321  udata(d8071218) 105  
[2026/03/11 19:55:00 499] tts        792  TTS_MSG_GETAUDIO  0  
[2026/03/11 19:55:00 556] tts        557  get audio|use local  
[2026/03/11 19:55:00 602] tts        570  local audiolen:  4188  ,ced:  48  
[2026/03/11 19:55:00 628] tts        599  0  udata(d8072388) 1  
[2026/03/11 19:55:00 669] tts        317  TTS_LOCAL_CB_OUTPUT  101  udata(d8072438) 105  
[2026/03/11 19:55:00 736] tts        321  udata(d8072438) 105  
[2026/03/11 19:55:00 770] tts        317  TTS_LOCAL_CB_OUTPUT  101  udata(d80724d8) 105  
[2026/03/11 19:55:00 786] tts        321  udata(d80724d8) 105  
[2026/03/11 19:55:00 820] tts        317  TTS_LOCAL_CB_OUTPUT  101  udata(d80725d8) 105  
[2026/03/11 19:55:00 832] tts        321  udata(d80725d8) 105  
[2026/03/11 19:55:00 865] tts        317  TTS_LOCAL_CB_OUTPUT  101  udata(d80726d8) 105  
[2026/03/11 19:55:00 922] tts        321  udata(d80726d8) 105  
[2026/03/11 19:55:00 978] tts        317  TTS_LOCAL_CB_OUTPUT  101  udata(d80727d8) 105  
[2026/03/11 19:55:01 004] tts        321  udata(d80727d8) 105  
[2026/03/11 19:55:01 021] tts        317  TTS_LOCAL_CB_OUTPUT  101  udata(d80728d8) 105  
[2026/03/11 19:55:01 038] tts        321  udata(d80728d8) 105  
[2026/03/11 19:55:01 070] tts        317  TTS_LOCAL_CB_OUTPUT  101  udata(d80239a8) 105  
[2026/03/11 19:55:01 105] tts        321  udata(d80239a8) 105  
[2026/03/11 19:55:01 139] tts        317  TTS_LOCAL_CB_OUTPUT  101  udata(d80875b8) 105  
[2026/03/11 19:55:01 148] tts        321  udata(d80875b8) 105  
[2026/03/11 19:55:01 183] tts        317  TTS_LOCAL_CB_OUTPUT  101  udata(d80876b8) 105  
[2026/03/11 19:55:01 233] tts        321  udata(d80876b8) 105  
[2026/03/11 19:55:01 253] tts        317  TTS_LOCAL_CB_OUTPUT  101  udata(d80877b8) 105  
[2026/03/11 19:55:01 265] tts        321  udata(d80877b8) 105  
[2026/03/11 19:55:01 298] tts        792  TTS_MSG_GETAUDIO  0  
[2026/03/11 19:55:01 342] tts        557  get audio|use local  
[2026/03/11 19:55:01 388] tts        570  local audiolen:  8142  ,ced:  48  
[2026/03/11 19:55:01 402] tts        599  0  udata(d80878b8) 1  
[2026/03/11 19:55:01 437] tts        317  TTS_LOCAL_CB_OUTPUT  101  udata(d8087968) 105  
[2026/03/11 19:55:01 484] tts        321  udata(d8087968) 105  
[2026/03/11 19:55:01 516] tts        317  TTS_LOCAL_CB_OUTPUT  101  udata(d8071368) 105  
[2026/03/11 19:55:01 589] tts        321  udata(d8071368) 105  
[2026/03/11 19:55:01 606] tts        317  TTS_LOCAL_CB_OUTPUT  101  udata(d8071468) 105  
[2026/03/11 19:55:01 637] tts        321  udata(d8071468) 105  
[2026/03/11 19:55:01 672] tts        317  TTS_LOCAL_CB_OUTPUT  101  udata(d8071568) 105  
[2026/03/11 19:55:01 705] tts        321  udata(d8071568) 105  
[2026/03/11 19:55:01 720] tts        317  TTS_LOCAL_CB_OUTPUT  101  udata(d8071668) 105  
[2026/03/11 19:55:01 722] tts        321  udata(d8071668) 105  
[2026/03/11 19:55:01 754] tts        317  TTS_LOCAL_CB_OUTPUT  101  udata(d8071768) 198  
[2026/03/11 19:55:01 764] tts        321  udata(d8071768) 198  
[2026/03/11 19:55:01 809] tts        317  TTS_LOCAL_CB_OUTPUT  101  udata(d8071868) 198  
[2026/03/11 19:55:01 854] tts        321  udata(d8071868) 198  
[2026/03/11 19:55:01 884] tts        317  TTS_LOCAL_CB_OUTPUT  101  udata(d8071968) 198  
[2026/03/11 19:55:01 924] tts        321  udata(d8071968) 198  
[2026/03/11 19:55:01 967] tts        317  TTS_LOCAL_CB_OUTPUT  101  udata(d8071a68) 198  
[2026/03/11 19:55:01 970] tts        321  udata(d8071a68) 198  
[2026/03/11 19:55:01 993] tts        317  TTS_LOCAL_CB_OUTPUT  101  udata(d8071b68) 198  
[2026/03/11 19:55:02 004] tts        321  udata(d8071b68) 198  
[2026/03/11 19:55:02 047] tts        317  TTS_LOCAL_CB_OUTPUT  101  udata(d8071c68) 198  
[2026/03/11 19:55:02 050] tts        321  udata(d8071c68) 198  
[2026/03/11 19:55:02 103] tts        317  TTS_LOCAL_CB_OUTPUT  101  udata(d8071d68) 198  
[2026/03/11 19:55:02 124] tts        321  udata(d8071d68) 198  
[2026/03/11 19:55:02 148] tts        792  TTS_MSG_GETAUDIO  0  
[2026/03/11 19:55:02 157] tts        557  get audio|use local  
[2026/03/11 19:55:02 190] tts        570  local audiolen:  8466  ,ced:  48  
[2026/03/11 19:55:02 210] tts        599  0  udata(d8071e68) 1  
[2026/03/11 19:55:02 268] tts        317  TTS_LOCAL_CB_OUTPUT  101  udata(d8071f18) 198  
[2026/03/11 19:55:02 293] tts        321  udata(d8071f18) 198  
[2026/03/11 19:55:02 308] tts        792  TTS_MSG_GETAUDIO  0  
[2026/03/11 19:55:02 340] tts        557  get audio|use local  
[2026/03/11 19:55:02 360] tts        570  local audiolen:  512  ,ced:  48  
[2026/03/11 19:55:02 363] tts        599  0  udata(d80721c8) 1  
[2026/03/11 19:55:02 408] tts        317  TTS_LOCAL_CB_OUTPUT  101  udata(d8072278) 198  
[2026/03/11 19:55:02 423] tts        321  udata(d8072278) 198  
[2026/03/11 19:55:02 487] tts        792  TTS_MSG_GETAUDIO  0  
[2026/03/11 19:55:02 497] tts        557  get audio|use local  
[2026/03/11 19:55:02 520] tts        570  local audiolen:  512  ,ced:  48  
[2026/03/11 19:55:02 526] tts        599  0  udata(d8072318) 1  
[2026/03/11 19:55:02 566] tts        317  TTS_LOCAL_CB_OUTPUT  101  udata(d8024318) 198  
[2026/03/11 19:55:02 578] tts        321  udata(d8024318) 198  
[2026/03/11 19:55:02 640] tts        317  TTS_LOCAL_CB_OUTPUT  101  udata(d80243b8) 198  
[2026/03/11 19:55:02 642] tts        321  udata(d80243b8) 198  
[2026/03/11 19:55:02 664] tts        792  TTS_MSG_GETAUDIO  0  
[2026/03/11 19:55:02 667] tts        557  get audio|use local  
[2026/03/11 19:55:02 681] tts        570  local audiolen:  512  ,ced:  48  
[2026/03/11 19:55:02 706] tts        599  0  udata(d80244b8) 1  
[2026/03/11 19:55:02 746] tts        317  TTS_LOCAL_CB_OUTPUT  101  udata(d8024778) 198  
[2026/03/11 19:55:02 769] tts        321  udata(d8024778) 198  
[2026/03/11 19:55:02 790] tts        792  TTS_MSG_GETAUDIO  0  
[2026/03/11 19:55:02 799] tts        557  get audio|use local  
[2026/03/11 19:55:02 806] tts        570  local audiolen:  512  ,ced:  48  
[2026/03/11 19:55:02 815] tts        599  0  udata(d80245b8) 1  
[2026/03/11 19:55:02 853] tts        792  TTS_MSG_GETAUDIO  0  
[2026/03/11 19:55:02 861] tts        557  get audio|use local  
[2026/03/11 19:55:02 877] tts        570  local audiolen:  512  ,ced:  48  
[2026/03/11 19:55:02 901] tts        599  0  udata(d8024668) 1  
[2026/03/11 19:55:02 936] tts        317  TTS_LOCAL_CB_OUTPUT  101  udata(d80246b8) 198  
[2026/03/11 19:55:02 949] tts        321  udata(d80246b8) 198  
[2026/03/11 19:55:02 966] tts        792  TTS_MSG_GETAUDIO  0  
[2026/03/11 19:55:02 987] tts        557  get audio|use local  
[2026/03/11 19:55:02 999] tts        570  local audiolen:  512  ,ced:  48  
[2026/03/11 19:55:03 008] tts        599  0  udata(d80247c8) 1  
[2026/03/11 19:55:03 071] tts        317  TTS_LOCAL_CB_OUTPUT  101  udata(d8024878) 198  
[2026/03/11 19:55:03 083] tts        321  udata(d8024878) 198  
[2026/03/11 19:55:03 107] tts        792  TTS_MSG_GETAUDIO  0  
[2026/03/11 19:55:03 117] tts        557  get audio|use local  
[2026/03/11 19:55:03 124] tts        570  local audiolen:  512  ,ced:  48  
[2026/03/11 19:55:03 135] tts        599  0  udata(d8024918) 1  
[2026/03/11 19:55:03 193] tts        317  TTS_LOCAL_CB_OUTPUT  101  udata(d80249c8) 198  
[2026/03/11 19:55:03 212] tts        321  udata(d80249c8) 198  
[2026/03/11 19:55:03 230] tts        792  TTS_MSG_GETAUDIO  0  
[2026/03/11 19:55:03 253] tts        557  get audio|use local  
[2026/03/11 19:55:03 262] tts        570  local audiolen:  512  ,ced:  48  
[2026/03/11 19:55:03 273] tts        599  0  udata(d8024a68) 1  
[2026/03/11 19:55:03 369] tts        317  TTS_LOCAL_CB_OUTPUT  101  udata(d8024b18) 198  
[2026/03/11 19:55:03 376] tts        321  udata(d8024b18) 198  
[2026/03/11 19:55:03 427] tts        792  TTS_MSG_GETAUDIO  0  
[2026/03/11 19:55:03 444] tts        557  get audio|use local  
[2026/03/11 19:55:03 457] tts        570  local audiolen:  512  ,ced:  48  
[2026/03/11 19:55:03 462] tts        599  0  udata(d8024bb8) 1  
[2026/03/11 19:55:03 513] tts        317  TTS_LOCAL_CB_OUTPUT  101  udata(d8024c68) 198  
[2026/03/11 19:55:03 523] tts        321  udata(d8024c68) 198  
[2026/03/11 19:55:03 568] tts        792  TTS_MSG_GETAUDIO  0  
[2026/03/11 19:55:03 582] tts        557  get audio|use local  
[2026/03/11 19:55:03 617] tts        570  local audiolen:  512  ,ced:  48  
[2026/03/11 19:55:03 645] tts        599  0  udata(d8024d08) 1  
[2026/03/11 19:55:03 680] tts        317  TTS_LOCAL_CB_OUTPUT  101  udata(d8024fc8) 198  
[2026/03/11 19:55:03 701] tts        321  udata(d8024fc8) 198  
[2026/03/11 19:55:03 746] tts        317  TTS_LOCAL_CB_OUTPUT  101  udata(d8024e08) 198  
[2026/03/11 19:55:03 758] tts        321  udata(d8024e08) 198  
[2026/03/11 19:55:03 807] tts        792  TTS_MSG_GETAUDIO  0  
[2026/03/11 19:55:03 842] tts        557  get audio|use local  
[2026/03/11 19:55:03 858] tts        570  local audiolen:  512  ,ced:  48  
[2026/03/11 19:55:03 872] tts        599  0  udata(d8024f08) 1  
[2026/03/11 19:55:03 896] tts        317  TTS_LOCAL_CB_OUTPUT  101  udata(d8025228) 198  
[2026/03/11 19:55:03 920] tts        321  udata(d8025228) 198  
[2026/03/11 19:55:03 975] tts        317  TTS_LOCAL_CB_OUTPUT  101  udata(d80250c8) 198  
[2026/03/11 19:55:04 060] tts        321  udata(d80250c8) 198  
[2026/03/11 19:55:04 099] tts        317  TTS_LOCAL_CB_OUTPUT  101  udata(d80251c8) 198  
[2026/03/11 19:55:04 102] tts        321  udata(d80251c8) 198  
[2026/03/11 19:55:04 120] tts        792  TTS_MSG_GETAUDIO  0  
[2026/03/11 19:55:04 142] tts        557  get audio|use local  
[2026/03/11 19:55:04 166] tts        570  local audiolen:  512  ,ced:  48  
[2026/03/11 19:55:04 182] tts        599  0  udata(d8025328) 1  
[2026/03/11 19:55:04 207] tts        317  TTS_LOCAL_CB_OUTPUT  101  udata(d80255e8) 198  
[2026/03/11 19:55:04 219] tts        321  udata(d80255e8) 198  
[2026/03/11 19:55:04 267] tts        792  TTS_MSG_GETAUDIO  0  
[2026/03/11 19:55:04 280] tts        557  get audio|use local  
[2026/03/11 19:55:04 289] tts        570  local audiolen:  512  ,ced:  48  
[2026/03/11 19:55:04 309] tts        599  0  udata(d8025428) 1  
[2026/03/11 19:55:04 374] tts        792  TTS_MSG_GETAUDIO  0  
[2026/03/11 19:55:04 388] tts        557  get audio|use local  
[2026/03/11 19:55:04 402] tts        570  local audiolen:  512  ,ced:  48  
[2026/03/11 19:55:04 406] tts        599  0  udata(d80254d8) 1  
[2026/03/11 19:55:04 460] tts        317  TTS_LOCAL_CB_OUTPUT  101  udata(d8025528) 198  
[2026/03/11 19:55:04 476] tts        321  udata(d8025528) 198  
[2026/03/11 19:55:04 535] tts        317  TTS_LOCAL_CB_OUTPUT  101  udata(d8025638) 198  
[2026/03/11 19:55:04 547] tts        321  udata(d8025638) 198  
[2026/03/11 19:55:04 579] tts        792  TTS_MSG_GETAUDIO  0  
[2026/03/11 19:55:04 596] tts        557  get audio|use local  
[2026/03/11 19:55:04 606] tts        570  local audiolen:  512  ,ced:  48  
[2026/03/11 19:55:04 613] tts        599  0  udata(d8025738) 1  
[2026/03/11 19:55:04 669] tts        317  TTS_LOCAL_CB_OUTPUT  101  udata(d80257e8) 198  
[2026/03/11 19:55:04 677] tts        321  udata(d80257e8) 198  
[2026/03/11 19:55:04 706] tts        792  TTS_MSG_GETAUDIO  0  
[2026/03/11 19:55:04 722] tts        557  get audio|use local  
[2026/03/11 19:55:04 765] tts        570  local audiolen:  512  ,ced:  48  
[2026/03/11 19:55:04 790] tts        599  0  udata(d8025888) 1  
[2026/03/11 19:55:04 866] tts        317  TTS_LOCAL_CB_OUTPUT  101  udata(d8025938) 198  
[2026/03/11 19:55:04 880] tts        321  udata(d8025938) 198  
[2026/03/11 19:55:04 897] tts        317  TTS_LOCAL_CB_OUTPUT  101  udata(d80259d8) 198  
[2026/03/11 19:55:04 912] tts        321  udata(d80259d8) 198  
[2026/03/11 19:55:04 949] tts        792  TTS_MSG_GETAUDIO  0  
[2026/03/11 19:55:04 966] tts        557  get audio|use local  
[2026/03/11 19:55:05 004] tts        570  local audiolen:  512  ,ced:  48  
[2026/03/11 19:55:05 048] tts        599  0  udata(d8025ad8) 1  
[2026/03/11 19:55:05 118] tts        317  TTS_LOCAL_CB_OUTPUT  101  udata(d8025b88) 198  
[2026/03/11 19:55:05 140] tts        321  udata(d8025b88) 198  
[2026/03/11 19:55:05 181] tts        317  TTS_LOCAL_CB_OUTPUT  101  udata(d8025c28) 198  
[2026/03/11 19:55:05 194] tts        321  udata(d8025c28) 198  
[2026/03/11 19:55:05 259] tts        317  TTS_LOCAL_CB_OUTPUT  101  udata(d8025d28) 198  
[2026/03/11 19:55:05 314] tts        321  udata(d8025d28) 198  
[2026/03/11 19:55:05 362] tts        317  TTS_LOCAL_CB_OUTPUT  101  udata(d8025e28) 198  
[2026/03/11 19:55:05 401] tts        321  udata(d8025e28) 198  
[2026/03/11 19:55:05 431] tts        317  TTS_LOCAL_CB_OUTPUT  101  udata(d8025f28) 198  
[2026/03/11 19:55:05 505] tts        321  udata(d8025f28) 198  
[2026/03/11 19:55:05 553] tts        317  TTS_LOCAL_CB_OUTPUT  101  udata(d8026028) 198  
[2026/03/11 19:55:05 605] tts        321  udata(d8026028) 198  
[2026/03/11 19:55:05 660] tts        317  TTS_LOCAL_CB_OUTPUT  101  udata(d8026128) 198  
[2026/03/11 19:55:05 676] tts        321  udata(d8026128) 198  
[2026/03/11 19:55:05 724] tts        317  TTS_LOCAL_CB_OUTPUT  101  udata(d8026228) 198  
[2026/03/11 19:55:05 774] tts        321  udata(d8026228) 198  
[2026/03/11 19:55:05 813] tts        317  TTS_LOCAL_CB_OUTPUT  101  udata(d8026328) 198  
[2026/03/11 19:55:05 857] tts        321  udata(d8026328) 198  
[2026/03/11 19:55:05 905] tts        317  TTS_LOCAL_CB_OUTPUT  101  udata(d8026428) 198  
[2026/03/11 19:55:05 961] tts        321  udata(d8026428) 198  
[2026/03/11 19:55:06 005] tts        317  TTS_LOCAL_CB_OUTPUT  101  udata(d8026528) 198  
[2026/03/11 19:55:06 040] tts        321  udata(d8026528) 198  
[2026/03/11 19:55:06 076] tts        317  TTS_LOCAL_CB_OUTPUT  101  udata(d8026628) 198  
[2026/03/11 19:55:06 120] tts        321  udata(d8026628) 198  
[2026/03/11 19:55:06 177] tts        317  TTS_LOCAL_CB_OUTPUT  101  udata(d8026728) 198  
[2026/03/11 19:55:06 212] tts        321  udata(d8026728) 198  
[2026/03/11 19:55:06 251] tts        317  TTS_LOCAL_CB_OUTPUT  101  udata(d8026828) 198  
[2026/03/11 19:55:06 273] tts        321  udata(d8026828) 198  
[2026/03/11 19:55:06 305] tts        317  TTS_LOCAL_CB_OUTPUT  101  udata(d8026928) 198  
[2026/03/11 19:55:06 332] tts        321  udata(d8026928) 198  
[2026/03/11 19:55:06 365] tts        317  TTS_LOCAL_CB_OUTPUT  101  udata(d8026a28) 198  
[2026/03/11 19:55:06 388] tts        321  udata(d8026a28) 198  
[2026/03/11 19:55:06 413] tts        317  TTS_LOCAL_CB_OUTPUT  101  udata(d8026b28) 198  
[2026/03/11 19:55:06 435] tts        321  udata(d8026b28) 198  
[2026/03/11 19:55:06 477] tts        317  TTS_LOCAL_CB_OUTPUT  101  udata(d8026c28) 198  
[2026/03/11 19:55:06 518] tts        321  udata(d8026c28) 198  
[2026/03/11 19:55:06 540] tts        317  TTS_LOCAL_CB_OUTPUT  101  udata(d8026d28) 198  
[2026/03/11 19:55:06 572] tts        321  udata(d8026d28) 198  
[2026/03/11 19:55:06 608] tts        317  TTS_LOCAL_CB_OUTPUT  101  udata(d8026e28) 198  
[2026/03/11 19:55:06 616] tts        321  udata(d8026e28) 198  
[2026/03/11 19:55:06 646] tts        317  TTS_LOCAL_CB_OUTPUT  101  udata(d8026f28) 198  
[2026/03/11 19:55:06 676] tts        321  udata(d8026f28) 198  
[2026/03/11 19:55:06 701] tts        317  TTS_LOCAL_CB_OUTPUT  101  udata(d8027028) 198  
[2026/03/11 19:55:06 718] tts        321  udata(d8027028) 198  
[2026/03/11 19:55:06 747] tts        317  TTS_LOCAL_CB_OUTPUT  101  udata(d8027128) 198  
[2026/03/11 19:55:06 765] tts        321  udata(d8027128) 198  
[2026/03/11 19:55:06 839] tts        317  TTS_LOCAL_CB_OUTPUT  101  udata(d8027228) 198  
[2026/03/11 19:55:06 849] tts        321  udata(d8027228) 198  
[2026/03/11 19:55:06 890] tts        317  TTS_LOCAL_CB_OUTPUT  101  udata(d8027328) 198  
[2026/03/11 19:55:06 911] tts        321  udata(d8027328) 198  
[2026/03/11 19:55:06 943] tts        317  TTS_LOCAL_CB_OUTPUT  101  udata(d8027428) 285  
[2026/03/11 19:55:06 967] tts        321  udata(d8027428) 285  
[2026/03/11 19:55:06 991] tts        317  TTS_LOCAL_CB_OUTPUT  101  udata(d8027528) 285  
[2026/03/11 19:55:07 000] tts        321  udata(d8027528) 285  
[2026/03/11 19:55:07 028] tts        317  TTS_LOCAL_CB_OUTPUT  101  udata(d8027628) 285  
[2026/03/11 19:55:07 042] tts        321  udata(d8027628) 285  
[2026/03/11 19:55:07 072] tts        317  TTS_LOCAL_CB_OUTPUT  101  udata(d8024f58) 285  
[2026/03/11 19:55:07 083] tts        321  udata(d8024f58) 285  
[2026/03/11 19:55:07 156] tts        317  TTS_LOCAL_CB_OUTPUT  101  udata(d8023b58) 285  
[2026/03/11 19:55:07 169] tts        321  udata(d8023b58) 285  
[2026/03/11 19:55:07 187] tts        317  TTS_LOCAL_CB_OUTPUT  101  udata(d8023c58) 285  
[2026/03/11 19:55:07 193] tts        321  udata(d8023c58) 285  
[2026/03/11 19:55:07 212] tts        792  TTS_MSG_GETAUDIO  0  
[2026/03/11 19:55:07 224] tts        557  get audio|use local  
[2026/03/11 19:55:07 256] tts        570  local audiolen:  512  ,ced:  48  
[2026/03/11 19:55:07 274] tts        599  0  udata(d8023d58) 1  
[2026/03/11 19:55:07 296] tts        317  TTS_LOCAL_CB_OUTPUT  101  udata(d8024018) 285  
[2026/03/11 19:55:07 321] tts        321  udata(d8024018) 285  
[2026/03/11 19:55:07 357] tts        792  TTS_MSG_GETAUDIO  0  
[2026/03/11 19:55:07 365] tts        557  get audio|use local  
[2026/03/11 19:55:07 402] tts        570  local audiolen:  160  ,ced:  48  
[2026/03/11 19:55:07 427] tts        599  0  udata(d8023f08) 1  
[2026/03/11 19:55:07 456] tts        317  TTS_LOCAL_CB_OUTPUT  101  udata(d8023fb8) 285  
[2026/03/11 19:55:07 466] tts        321  udata(d8023fb8) 285  
[2026/03/11 19:55:07 488] tts        792  TTS_MSG_GETAUDIO  0  
[2026/03/11 19:55:07 502] tts        557  get audio|use local  
[2026/03/11 19:55:07 512] tts        570  local audiolen:  212  ,ced:  105  
[2026/03/11 19:55:07 527] tts        599  0  udata(d80720f8) 1  
[2026/03/11 19:55:07 606] tts        317  TTS_LOCAL_CB_OUTPUT  101  udata(d8023e58) 285  
[2026/03/11 19:55:07 621] tts        321  udata(d8023e58) 285  
[2026/03/11 19:55:07 641] tts        792  TTS_MSG_GETAUDIO  0  
[2026/03/11 19:55:07 649] tts        557  get audio|use local  
[2026/03/11 19:55:07 654] tts        570  local audiolen:  4902  ,ced:  105  
[2026/03/11 19:55:07 684] tts        599  0  udata(d8072008) 1  
[2026/03/11 19:55:07 716] tts        792  TTS_MSG_GETAUDIO  0  
[2026/03/11 19:55:07 735] tts        557  get audio|use local  
[2026/03/11 19:55:07 781] tts        570  local audiolen:  8832  ,ced:  105  
[2026/03/11 19:55:07 800] tts        599  0  udata(d8072058) 1  
[2026/03/11 19:55:07 823] tts        317  TTS_LOCAL_CB_OUTPUT  101  udata(d80720a8) 285  
[2026/03/11 19:55:07 865] tts        321  udata(d80720a8) 285  
[2026/03/11 19:55:07 917] tts        317  TTS_LOCAL_CB_OUTPUT  101  udata(d8024118) 285  
[2026/03/11 19:55:07 939] tts        321  udata(d8024118) 285  
[2026/03/11 19:55:07 965] tts        317  TTS_LOCAL_CB_OUTPUT  101  udata(d8024218) 285  
[2026/03/11 19:55:07 968] tts        321  udata(d8024218) 285  
[2026/03/11 19:55:07 991] tts        792  TTS_MSG_GETAUDIO  0  
[2026/03/11 19:55:08 002] tts        557  get audio|use local  
[2026/03/11 19:55:08 030] tts        570  local audiolen:  2854  ,ced:  105  
[2026/03/11 19:55:08 056] tts        599  0  udata(d8029278) 1  
[2026/03/11 19:55:08 096] tts        317  TTS_LOCAL_CB_OUTPUT  101  udata(d8029e68) 285  
[2026/03/11 19:55:08 116] tts        321  udata(d8029e68) 285  
[2026/03/11 19:55:08 157] tts        792  TTS_MSG_GETAUDIO  0  
[2026/03/11 19:55:08 200] tts        557  get audio|use local  
[2026/03/11 19:55:08 205] tts        570  local audiolen:  7194  ,ced:  105  
[2026/03/11 19:55:08 217] tts        599  0  udata(d8029f08) 1  
[2026/03/11 19:55:08 283] tts        792  TTS_MSG_GETAUDIO  0  
[2026/03/11 19:55:08 296] tts        557  get audio|use local  
[2026/03/11 19:55:08 317] tts        570  local audiolen:  7272  ,ced:  105  
[2026/03/11 19:55:08 354] tts        599  0  udata(d8029f58) 1  
[2026/03/11 19:55:08 385] tts        317  TTS_LOCAL_CB_OUTPUT  101  udata(d802a008) 285  
[2026/03/11 19:55:08 407] tts        321  udata(d802a008) 285  
[2026/03/11 19:55:08 432] tts        792  TTS_MSG_GETAUDIO  0  
[2026/03/11 19:55:08 442] tts        557  get audio|use local  
[2026/03/11 19:55:08 457] tts        570  local audiolen:  9628  ,ced:  105  
[2026/03/11 19:55:08 474] tts        599  0  udata(d802a0a8) 1  
[2026/03/11 19:55:08 500] tts        317  TTS_LOCAL_CB_OUTPUT  101  udata(d802a158) 285  
[2026/03/11 19:55:08 505] tts        321  udata(d802a158) 285  
[2026/03/11 19:55:08 521] tts        792  TTS_MSG_GETAUDIO  0  
[2026/03/11 19:55:08 535] tts        557  get audio|use local  
[2026/03/11 19:55:08 540] tts        570  local audiolen:  5942  ,ced:  105  
[2026/03/11 19:55:08 553] tts        599  0  udata(d802a1f8) 1  
[2026/03/11 19:55:08 613] tts        317  TTS_LOCAL_CB_OUTPUT  101  udata(d802a2a8) 285  
[2026/03/11 19:55:08 621] tts        321  udata(d802a2a8) 285  
[2026/03/11 19:55:08 636] tts        792  TTS_MSG_GETAUDIO  0  
[2026/03/11 19:55:08 653] tts        557  get audio|use local  
[2026/03/11 19:55:08 663] tts        570  local audiolen:  3490  ,ced:  105  
[2026/03/11 19:55:08 689] tts        599  0  udata(d802a348) 1  
[2026/03/11 19:55:08 743] tts        317  TTS_LOCAL_CB_OUTPUT  101  udata(d802a3f8) 285  
[2026/03/11 19:55:08 756] tts        321  udata(d802a3f8) 285  
[2026/03/11 19:55:08 778] tts        317  TTS_LOCAL_CB_OUTPUT  101  udata(d802a498) 285  
[2026/03/11 19:55:08 791] tts        321  udata(d802a498) 285  
[2026/03/11 19:55:08 812] tts        792  TTS_MSG_GETAUDIO  0  
[2026/03/11 19:55:08 828] tts        557  get audio|use local  
[2026/03/11 19:55:08 837] tts        570  local audiolen:  14434  ,ced:  105  
[2026/03/11 19:55:08 852] tts        599  0  udata(d802a598) 1  
[2026/03/11 19:55:08 900] tts        317  TTS_LOCAL_CB_OUTPUT  101  udata(d802a648) 285  
[2026/03/11 19:55:08 911] tts        321  udata(d802a648) 285  
[2026/03/11 19:55:08 946] tts        792  TTS_MSG_GETAUDIO  0  
[2026/03/11 19:55:08 968] tts        557  get audio|use local  
[2026/03/11 19:55:08 976] tts        570  local audiolen:  2686  ,ced:  105  
[2026/03/11 19:55:08 991] tts        599  0  udata(d80291c8) 1  
[2026/03/11 19:55:09 068] tts        317  TTS_LOCAL_CB_OUTPUT  101  udata(d802a6e8) 285  
[2026/03/11 19:55:09 092] tts        321  udata(d802a6e8) 285  
[2026/03/11 19:55:09 128] tts        317  TTS_LOCAL_CB_OUTPUT  101  udata(d802a788) 285  
[2026/03/11 19:55:09 148] tts        321  udata(d802a788) 285  
[2026/03/11 19:55:09 174] tts        317  TTS_LOCAL_CB_OUTPUT  101  udata(d802a888) 285  
[2026/03/11 19:55:09 177] tts        321  udata(d802a888) 285  
[2026/03/11 19:55:09 198] tts        792  TTS_MSG_GETAUDIO  0  
[2026/03/11 19:55:09 210] tts        557  get audio|use local  
[2026/03/11 19:55:09 244] tts        570  local audiolen:  6122  ,ced:  105  
[2026/03/11 19:55:09 257] tts        599  0  udata(d8028738) 1  
[2026/03/11 19:55:09 320] tts        317  TTS_LOCAL_CB_OUTPUT  101  udata(d80287e8) 285  
[2026/03/11 19:55:09 361] tts        321  udata(d80287e8) 285  
[2026/03/11 19:55:09 417] tts        317  TTS_LOCAL_CB_OUTPUT  101  udata(d8028888) 285  
[2026/03/11 19:55:09 440] tts        321  udata(d8028888) 285  
[2026/03/11 19:55:09 466] tts        317  TTS_LOCAL_CB_OUTPUT  101  udata(d8028988) 285  
[2026/03/11 19:55:09 480] tts        321  udata(d8028988) 285  
[2026/03/11 19:55:09 505] tts        792  TTS_MSG_GETAUDIO  0  
[2026/03/11 19:55:09 520] tts        557  get audio|use local  
[2026/03/11 19:55:09 540] tts        570  local audiolen:  8828  ,ced:  105  
[2026/03/11 19:55:09 545] tts        599  0  udata(d8028a88) 1  
[2026/03/11 19:55:09 614] tts        792  TTS_MSG_GETAUDIO  0  
[2026/03/11 19:55:09 640] tts        557  get audio|use local  
[2026/03/11 19:55:09 655] tts        570  local audiolen:  8836  ,ced:  105  
[2026/03/11 19:55:09 664] tts        599  0  udata(d8028ad8) 1  
[2026/03/11 19:55:09 723] tts        317  TTS_LOCAL_CB_OUTPUT  101  udata(d8028b88) 285  
[2026/03/11 19:55:09 755] tts        321  udata(d8028b88) 285  
[2026/03/11 19:55:09 774] tts        317  TTS_LOCAL_CB_OUTPUT  101  udata(d8028c28) 285  
[2026/03/11 19:55:09 789] tts        321  udata(d8028c28) 285  
[2026/03/11 19:55:09 843] tts        792  TTS_MSG_GETAUDIO  0  
[2026/03/11 19:55:09 876] tts        557  get audio|use local  
[2026/03/11 19:55:09 881] tts        570  local audiolen:  5456  ,ced:  105  
[2026/03/11 19:55:09 891] tts        599  0  udata(d8028d28) 1  
[2026/03/11 19:55:09 919] tts        317  TTS_LOCAL_CB_OUTPUT  101  udata(d8028dd8) 285  
[2026/03/11 19:55:09 930] tts        321  udata(d8028dd8) 285  
[2026/03/11 19:55:09 966] tts        792  TTS_MSG_GETAUDIO  0  
[2026/03/11 19:55:10 017] tts        557  get audio|use local  
[2026/03/11 19:55:10 027] tts        570  local audiolen:  11094  ,ced:  105  
[2026/03/11 19:55:10 037] tts        599  0  udata(d8028e78) 1  
[2026/03/11 19:55:10 081] tts        317  TTS_LOCAL_CB_OUTPUT  101  udata(d8028f28) 285  
[2026/03/11 19:55:10 098] tts        321  udata(d8028f28) 285  
[2026/03/11 19:55:10 137] tts        317  TTS_LOCAL_CB_OUTPUT  101  udata(d8028fc8) 285  
[2026/03/11 19:55:10 164] tts        321  udata(d8028fc8) 285  
[2026/03/11 19:55:10 200] tts        303  0  0  
[2026/03/11 19:55:10 209] tts        314  TTS_LOCAL_CB_END,  2  
[2026/03/11 19:55:10 231] tts        792  TTS_MSG_GETAUDIO  0  
[2026/03/11 19:55:10 236] tts        557  get audio|use local  
[2026/03/11 19:55:10 241] tts        570  local audiolen:  7336  ,ced:  105  
[2026/03/11 19:55:10 250] tts        599  0  udata(d8029118) 1  
[2026/03/11 19:55:10 284] tts        792  TTS_MSG_GETAUDIO  0  
[2026/03/11 19:55:10 288] tts        557  get audio|use local  
[2026/03/11 19:55:10 292] tts        570  local audiolen:  3330  ,ced:  105  
[2026/03/11 19:55:10 298] tts        599  0  udata(d8029168) 1  
[2026/03/11 19:55:10 344] tts        792  TTS_MSG_GETAUDIO  0  
[2026/03/11 19:55:10 352] tts        557  get audio|use local  
[2026/03/11 19:55:10 357] tts        570  local audiolen:  10466  ,ced:  105  
[2026/03/11 19:55:10 366] tts        599  0  udata(d8029478) 1  
[2026/03/11 19:55:10 404] tts        792  TTS_MSG_GETAUDIO  0  
[2026/03/11 19:55:10 409] tts        557  get audio|use local  
[2026/03/11 19:55:10 418] tts        570  local audiolen:  512  ,ced:  105  
[2026/03/11 19:55:10 429] tts        599  0  udata(d8029738) 1  
[2026/03/11 19:55:10 466] tts        792  TTS_MSG_GETAUDIO  0  
[2026/03/11 19:55:10 473] tts        557  get audio|use local  
[2026/03/11 19:55:10 475] tts        570  local audiolen:  512  ,ced:  105  
[2026/03/11 19:55:10 485] tts        599  0  udata(d8029788) 1  
[2026/03/11 19:55:10 527] tts        792  TTS_MSG_GETAUDIO  0  
[2026/03/11 19:55:10 531] tts        557  get audio|use local  
[2026/03/11 19:55:10 538] tts        570  local audiolen:  512  ,ced:  105  
[2026/03/11 19:55:10 551] tts        599  0  udata(d80297d8) 1  
[2026/03/11 19:55:10 591] tts        792  TTS_MSG_GETAUDIO  0  
[2026/03/11 19:55:10 595] tts        557  get audio|use local  
[2026/03/11 19:55:10 604] tts        570  local audiolen:  512  ,ced:  105  
[2026/03/11 19:55:10 612] tts        599  0  udata(d8029828) 1  
[2026/03/11 19:55:10 646] tts        792  TTS_MSG_GETAUDIO  0  
[2026/03/11 19:55:10 660] tts        557  get audio|use local  
[2026/03/11 19:55:10 669] tts        570  local audiolen:  512  ,ced:  105  
[2026/03/11 19:55:10 672] tts        599  0  udata(d8029878) 1  
[2026/03/11 19:55:10 704] tts        792  TTS_MSG_GETAUDIO  0  
[2026/03/11 19:55:10 714] tts        557  get audio|use local  
[2026/03/11 19:55:10 718] tts        570  local audiolen:  512  ,ced:  105  
[2026/03/11 19:55:10 726] tts        599  0  udata(d80298c8) 1  
[2026/03/11 19:55:10 774] tts        792  TTS_MSG_GETAUDIO  0  
[2026/03/11 19:55:10 777] tts        557  get audio|use local  
[2026/03/11 19:55:10 786] tts        570  local audiolen:  512  ,ced:  105  
[2026/03/11 19:55:10 789] tts        599  0  udata(d8029918) 1  
[2026/03/11 19:55:10 821] tts        792  TTS_MSG_GETAUDIO  0  
[2026/03/11 19:55:10 824] tts        557  get audio|use local  
[2026/03/11 19:55:10 834] tts        570  local audiolen:  512  ,ced:  105  
[2026/03/11 19:55:10 837] tts        599  0  udata(d8029968) 1  
[2026/03/11 19:55:10 889] tts        792  TTS_MSG_GETAUDIO  0  
[2026/03/11 19:55:10 896] tts        557  get audio|use local  
[2026/03/11 19:55:10 905] tts        570  local audiolen:  512  ,ced:  105  
[2026/03/11 19:55:10 928] tts        599  0  udata(d80299b8) 1  
[2026/03/11 19:55:10 972] tts        792  TTS_MSG_GETAUDIO  0  
[2026/03/11 19:55:10 975] tts        557  get audio|use local  
[2026/03/11 19:55:10 983] tts        570  local audiolen:  512  ,ced:  105  
[2026/03/11 19:55:10 995] tts        599  0  udata(d8029a08) 1  
[2026/03/11 19:55:11 038] tts        792  TTS_MSG_GETAUDIO  0  
[2026/03/11 19:55:11 041] tts        557  get audio|use local  
[2026/03/11 19:55:11 049] tts        570  local audiolen:  512  ,ced:  105  
[2026/03/11 19:55:11 051] tts        599  0  udata(d8029a58) 1  
[2026/03/11 19:55:11 090] tts        792  TTS_MSG_GETAUDIO  0  
[2026/03/11 19:55:11 101] tts        557  get audio|use local  
[2026/03/11 19:55:11 112] tts        570  local audiolen:  512  ,ced:  105  
[2026/03/11 19:55:11 118] tts        599  0  udata(d8029aa8) 1  
[2026/03/11 19:55:11 165] tts        792  TTS_MSG_GETAUDIO  0  
[2026/03/11 19:55:11 168] tts        557  get audio|use local  
[2026/03/11 19:55:11 176] tts        570  local audiolen:  512  ,ced:  105  
[2026/03/11 19:55:11 184] tts        599  0  udata(d8029af8) 1  
[2026/03/11 19:55:11 221] tts        792  TTS_MSG_GETAUDIO  0  
[2026/03/11 19:55:11 230] tts        557  get audio|use local  
[2026/03/11 19:55:11 241] tts        570  local audiolen:  512  ,ced:  105  
[2026/03/11 19:55:11 244] tts        599  0  udata(d8029b48) 1  
[2026/03/11 19:55:11 280] tts        792  TTS_MSG_GETAUDIO  0  
[2026/03/11 19:55:11 288] tts        557  get audio|use local  
[2026/03/11 19:55:11 290] tts        570  local audiolen:  512  ,ced:  105  
[2026/03/11 19:55:11 293] tts        599  0  udata(d8029b98) 1  
[2026/03/11 19:55:11 328] tts        792  TTS_MSG_GETAUDIO  0  
[2026/03/11 19:55:11 336] tts        557  get audio|use local  
[2026/03/11 19:55:11 345] tts        570  local audiolen:  512  ,ced:  105  
[2026/03/11 19:55:11 352] tts        599  0  udata(d8029be8) 1  
[2026/03/11 19:55:11 395] tts        792  TTS_MSG_GETAUDIO  0  
[2026/03/11 19:55:11 404] tts        557  get audio|use local  
[2026/03/11 19:55:11 407] tts        570  local audiolen:  512  ,ced:  105  
[2026/03/11 19:55:11 418] tts        599  0  udata(d8029c38) 1  
[2026/03/11 19:55:11 456] tts        792  TTS_MSG_GETAUDIO  0  
[2026/03/11 19:55:11 460] tts        557  get audio|use local  
[2026/03/11 19:55:11 469] tts        570  local audiolen:  512  ,ced:  105  
[2026/03/11 19:55:11 472] tts        599  0  udata(d8029c88) 1  
[2026/03/11 19:55:11 507] tts        792  TTS_MSG_GETAUDIO  0  
[2026/03/11 19:55:11 516] tts        557  get audio|use local  
[2026/03/11 19:55:11 528] tts        570  local audiolen:  160  ,ced:  105  
[2026/03/11 19:55:11 530] tts        599  0  udata(d8029d88) 1  
[2026/03/11 19:55:11 557] tts        792  TTS_MSG_GETAUDIO  0  
[2026/03/11 19:55:11 564] tts        557  get audio|use local  
[2026/03/11 19:55:11 566] tts        570  local audiolen:  212  ,ced:  198  
[2026/03/11 19:55:11 573] tts        599  0  udata(d8029618) 1  
[2026/03/11 19:55:11 606] tts        792  TTS_MSG_GETAUDIO  0  
[2026/03/11 19:55:11 613] tts        557  get audio|use local  
[2026/03/11 19:55:11 622] tts        570  local audiolen:  5092  ,ced:  198  
[2026/03/11 19:55:11 625] tts        599  0  udata(d8029dd8) 1  
[2026/03/11 19:55:11 668] tts        792  TTS_MSG_GETAUDIO  0  
[2026/03/11 19:55:11 676] tts        557  get audio|use local  
[2026/03/11 19:55:11 684] tts        570  local audiolen:  6414  ,ced:  198  
[2026/03/11 19:55:11 691] tts        599  0  udata(d8029cd8) 1  
[2026/03/11 19:55:11 732] tts        792  TTS_MSG_GETAUDIO  0  
[2026/03/11 19:55:11 740] tts        557  get audio|use local  
[2026/03/11 19:55:11 743] tts        570  local audiolen:  7208  ,ced:  198  
[2026/03/11 19:55:11 750] tts        599  0  udata(d8029d28) 1  
[2026/03/11 19:55:11 784] tts        792  TTS_MSG_GETAUDIO  0  
[2026/03/11 19:55:11 794] tts        557  get audio|use local  
[2026/03/11 19:55:11 797] tts        570  local audiolen:  7216  ,ced:  198  
[2026/03/11 19:55:11 804] tts        599  0  udata(d8029668) 1  
[2026/03/11 19:55:11 852] tts        792  TTS_MSG_GETAUDIO  0  
[2026/03/11 19:55:11 855] tts        557  get audio|use local  
[2026/03/11 19:55:11 863] tts        570  local audiolen:  7248  ,ced:  198  
[2026/03/11 19:55:11 867] tts        599  0  udata(d80296b8) 1  
[2026/03/11 19:55:11 905] tts        792  TTS_MSG_GETAUDIO  0  
[2026/03/11 19:55:11 913] tts        557  get audio|use local  
[2026/03/11 19:55:11 922] tts        570  local audiolen:  12314  ,ced:  198  
[2026/03/11 19:55:11 930] tts        599  0  udata(d80294c8) 1  
[2026/03/11 19:55:11 973] tts        792  TTS_MSG_GETAUDIO  0  
[2026/03/11 19:55:11 980] tts        557  get audio|use local  
[2026/03/11 19:55:11 983] tts        570  local audiolen:  15186  ,ced:  198  
[2026/03/11 19:55:11 993] tts        599  0  udata(d8029518) 1  
[2026/03/11 19:55:12 028] tts        792  TTS_MSG_GETAUDIO  0  
[2026/03/11 19:55:12 040] tts        557  get audio|use local  
[2026/03/11 19:55:12 042] tts        570  local audiolen:  3646  ,ced:  198  
[2026/03/11 19:55:12 044] tts        599  0  udata(d8029568) 1  
[2026/03/11 19:55:12 075] tts        792  TTS_MSG_GETAUDIO  0  
[2026/03/11 19:55:12 081] tts        557  get audio|use local  
[2026/03/11 19:55:12 093] tts        570  local audiolen:  7252  ,ced:  198  
[2026/03/11 19:55:12 097] tts        599  0  udata(d80295b8) 1  
[2026/03/11 19:55:12 138] tts        792  TTS_MSG_GETAUDIO  0  
[2026/03/11 19:55:12 148] tts        557  get audio|use local  
[2026/03/11 19:55:12 152] tts        570  local audiolen:  8412  ,ced:  198  
[2026/03/11 19:55:12 156] tts        599  0  udata(d802cb18) 1  
[2026/03/11 19:55:12 204] tts        792  TTS_MSG_GETAUDIO  0  
[2026/03/11 19:55:12 208] tts        557  get audio|use local  
[2026/03/11 19:55:12 218] tts        570  local audiolen:  12826  ,ced:  198  
[2026/03/11 19:55:12 228] tts        599  0  udata(d802fd98) 1  
[2026/03/11 19:55:12 264] tts        792  TTS_MSG_GETAUDIO  0  
[2026/03/11 19:55:12 291] tts        557  get audio|use local  
[2026/03/11 19:55:12 294] tts        570  local audiolen:  7488  ,ced:  198  
[2026/03/11 19:55:12 298] tts        599  0  udata(d802c778) 1  
[2026/03/11 19:55:12 329] tts        792  TTS_MSG_GETAUDIO  0  
[2026/03/11 19:55:12 335] tts        557  get audio|use local  
[2026/03/11 19:55:12 337] tts        570  local audiolen:  12982  ,ced:  198  
[2026/03/11 19:55:12 344] tts        599  0  udata(d802c7c8) 1  
[2026/03/11 19:55:12 387] tts        792  TTS_MSG_GETAUDIO  0  
[2026/03/11 19:55:12 390] tts        557  get audio|use local  
[2026/03/11 19:55:12 398] tts        570  local audiolen:  15176  ,ced:  198  
[2026/03/11 19:55:12 408] tts        599  0  udata(d802c818) 1  
[2026/03/11 19:55:12 448] tts        792  TTS_MSG_GETAUDIO  0  
[2026/03/11 19:55:12 458] tts        557  get audio|use local  
[2026/03/11 19:55:12 464] tts        570  local audiolen:  3648  ,ced:  198  
[2026/03/11 19:55:12 470] tts        599  0  udata(d802c868) 1  
[2026/03/11 19:55:12 512] tts        792  TTS_MSG_GETAUDIO  0  
[2026/03/11 19:55:12 518] tts        557  get audio|use local  
[2026/03/11 19:55:12 526] tts        570  local audiolen:  5826  ,ced:  198  
[2026/03/11 19:55:12 533] tts        599  0  udata(d802c8b8) 1  
[2026/03/11 19:55:12 571] tts        792  TTS_MSG_GETAUDIO  0  
[2026/03/11 19:55:12 574] tts        557  get audio|use local  
[2026/03/11 19:55:12 576] tts        570  local audiolen:  7474  ,ced:  198  
[2026/03/11 19:55:12 585] tts        599  0  udata(d802c908) 1  
[2026/03/11 19:55:12 616] tts        792  TTS_MSG_GETAUDIO  0  
[2026/03/11 19:55:12 617] tts        557  get audio|use local  
[2026/03/11 19:55:12 619] tts        570  local audiolen:  8100  ,ced:  198  
[2026/03/11 19:55:12 628] tts        599  0  udata(d802c958) 1  
[2026/03/11 19:55:12 662] tts        792  TTS_MSG_GETAUDIO  0  
[2026/03/11 19:55:12 668] tts        557  get audio|use local  
[2026/03/11 19:55:12 675] tts        570  local audiolen:  5714  ,ced:  198  
[2026/03/11 19:55:12 677] tts        599  0  udata(d802c9a8) 1  
[2026/03/11 19:55:12 718] tts        792  TTS_MSG_GETAUDIO  0  
[2026/03/11 19:55:12 725] tts        557  get audio|use local  
[2026/03/11 19:55:12 734] tts        570  local audiolen:  5678  ,ced:  198  
[2026/03/11 19:55:12 744] tts        599  0  udata(d802c9f8) 1  
[2026/03/11 19:55:12 771] tts        792  TTS_MSG_GETAUDIO  0  
[2026/03/11 19:55:12 777] tts        557  get audio|use local  
[2026/03/11 19:55:12 778] tts        570  local audiolen:  7240  ,ced:  198  
[2026/03/11 19:55:12 784] tts        599  0  udata(d802ca48) 1  
[2026/03/11 19:55:12 820] tts        792  TTS_MSG_GETAUDIO  0  
[2026/03/11 19:55:12 827] tts        557  get audio|use local  
[2026/03/11 19:55:12 832] tts        570  local audiolen:  7248  ,ced:  198  
[2026/03/11 19:55:12 836] tts        599  0  udata(d802ca98) 1  
[2026/03/11 19:55:12 872] tts        792  TTS_MSG_GETAUDIO  0  
[2026/03/11 19:55:12 874] tts        557  get audio|use local  
[2026/03/11 19:55:12 880] tts        570  local audiolen:  7296  ,ced:  198  
[2026/03/11 19:55:12 884] tts        599  0  udata(d802c6b8) 1  
[2026/03/11 19:55:12 930] tts        792  TTS_MSG_GETAUDIO  0  
[2026/03/11 19:55:12 936] tts        557  get audio|use local  
[2026/03/11 19:55:12 941] tts        570  local audiolen:  5428  ,ced:  198  
[2026/03/11 19:55:12 949] tts        599  0  udata(d802c708) 1  
[2026/03/11 19:55:12 996] tts        792  TTS_MSG_GETAUDIO  0  
[2026/03/11 19:55:13 004] tts        557  get audio|use local  
[2026/03/11 19:55:13 011] tts        570  local audiolen:  5582  ,ced:  198  
[2026/03/11 19:55:13 013] tts        599  0  udata(d802c008) 1  
[2026/03/11 19:55:13 040] tts        792  TTS_MSG_GETAUDIO  0  
[2026/03/11 19:55:13 050] tts        557  get audio|use local  
[2026/03/11 19:55:13 053] tts        570  local audiolen:  6298  ,ced:  198  
[2026/03/11 19:55:13 061] tts        599  0  udata(d802c058) 1  
[2026/03/11 19:55:13 098] tts        792  TTS_MSG_GETAUDIO  0  
[2026/03/11 19:55:13 106] tts        557  get audio|use local  
[2026/03/11 19:55:13 113] tts        570  local audiolen:  9744  ,ced:  198  
[2026/03/11 19:55:13 122] tts        599  0  udata(d802c0a8) 1  
[2026/03/11 19:55:13 162] tts        792  TTS_MSG_GETAUDIO  0  
[2026/03/11 19:55:13 165] tts        557  get audio|use local  
[2026/03/11 19:55:13 172] tts        570  local audiolen:  512  ,ced:  198  
[2026/03/11 19:55:13 174] tts        599  0  udata(d802c368) 1  
[2026/03/11 19:55:13 218] tts        792  TTS_MSG_GETAUDIO  0  
[2026/03/11 19:55:13 221] tts        557  get audio|use local  
[2026/03/11 19:55:13 232] tts        570  local audiolen:  512  ,ced:  198  
[2026/03/11 19:55:13 242] tts        599  0  udata(d802c3b8) 1  
[2026/03/11 19:55:13 283] tts        792  TTS_MSG_GETAUDIO  0  
[2026/03/11 19:55:13 289] tts        557  get audio|use local  
[2026/03/11 19:55:13 296] tts        570  local audiolen:  512  ,ced:  198  
[2026/03/11 19:55:13 306] tts        599  0  udata(d802c408) 1  
[2026/03/11 19:55:13 340] tts        792  TTS_MSG_GETAUDIO  0  
[2026/03/11 19:55:13 349] tts        557  get audio|use local  
[2026/03/11 19:55:13 351] tts        570  local audiolen:  512  ,ced:  198  
[2026/03/11 19:55:13 356] tts        599  0  udata(d802c458) 1  
[2026/03/11 19:55:13 387] tts        792  TTS_MSG_GETAUDIO  0  
[2026/03/11 19:55:13 394] tts        557  get audio|use local  
[2026/03/11 19:55:13 405] tts        570  local audiolen:  512  ,ced:  198  
[2026/03/11 19:55:13 408] tts        599  0  udata(d802c158) 1  
[2026/03/11 19:55:13 451] tts        792  TTS_MSG_GETAUDIO  0  
[2026/03/11 19:55:13 454] tts        557  get audio|use local  
[2026/03/11 19:55:13 462] tts        570  local audiolen:  512  ,ced:  198  
[2026/03/11 19:55:13 474] tts        599  0  udata(d802c1a8) 1  
[2026/03/11 19:55:13 513] tts        792  TTS_MSG_GETAUDIO  0  
[2026/03/11 19:55:13 518] tts        557  get audio|use local  
[2026/03/11 19:55:13 528] tts        570  local audiolen:  512  ,ced:  198  
[2026/03/11 19:55:13 530] tts        599  0  udata(d802c1f8) 1  
[2026/03/11 19:55:13 580] tts        792  TTS_MSG_GETAUDIO  0  
[2026/03/11 19:55:13 588] tts        557  get audio|use local  
[2026/03/11 19:55:13 591] tts        570  local audiolen:  512  ,ced:  198  
[2026/03/11 19:55:13 602] tts        599  0  udata(d802c248) 1  
[2026/03/11 19:55:13 656] tts        792  TTS_MSG_GETAUDIO  0  
[2026/03/11 19:55:13 659] tts        557  get audio|use local  
[2026/03/11 19:55:13 661] tts        570  local audiolen:  512  ,ced:  198  
[2026/03/11 19:55:13 667] tts        599  0  udata(d802c298) 1  
[2026/03/11 19:55:13 688] tts        792  TTS_MSG_GETAUDIO  0  
[2026/03/11 19:55:13 690] tts        557  get audio|use local  
[2026/03/11 19:55:13 701] tts        570  local audiolen:  512  ,ced:  198  
[2026/03/11 19:55:13 705] tts        599  0  udata(d802c2e8) 1  
[2026/03/11 19:55:13 752] tts        792  TTS_MSG_GETAUDIO  0  
[2026/03/11 19:55:13 756] tts        557  get audio|use local  
[2026/03/11 19:55:13 766] tts        570  local audiolen:  512  ,ced:  198  
[2026/03/11 19:55:13 770] tts        599  0  udata(d802fde8) 1  
[2026/03/11 19:55:13 809] tts        792  TTS_MSG_GETAUDIO  0  
[2026/03/11 19:55:13 816] tts        557  get audio|use local  
[2026/03/11 19:55:13 823] tts        570  local audiolen:  512  ,ced:  198  
[2026/03/11 19:55:13 826] tts        599  0  udata(d802fe38) 1  
[2026/03/11 19:55:13 861] tts        792  TTS_MSG_GETAUDIO  0  
[2026/03/11 19:55:13 867] tts        557  get audio|use local  
[2026/03/11 19:55:13 872] tts        570  local audiolen:  512  ,ced:  198  
[2026/03/11 19:55:13 880] tts        599  0  udata(d802fe88) 1  
[2026/03/11 19:55:13 912] tts        792  TTS_MSG_GETAUDIO  0  
[2026/03/11 19:55:13 917] tts        557  get audio|use local  
[2026/03/11 19:55:13 926] tts        570  local audiolen:  512  ,ced:  198  
[2026/03/11 19:55:13 932] tts        599  0  udata(d802fed8) 1  
[2026/03/11 19:55:13 967] tts        792  TTS_MSG_GETAUDIO  0  
[2026/03/11 19:55:13 976] tts        557  get audio|use local  
[2026/03/11 19:55:13 980] tts        570  local audiolen:  512  ,ced:  198  
[2026/03/11 19:55:13 988] tts        599  0  udata(d802ff28) 1  
[2026/03/11 19:55:14 030] tts        792  TTS_MSG_GETAUDIO  0  
[2026/03/11 19:55:14 034] tts        557  get audio|use local  
[2026/03/11 19:55:14 042] tts        570  local audiolen:  512  ,ced:  198  
[2026/03/11 19:55:14 049] tts        599  0  udata(d802ff78) 1  
[2026/03/11 19:55:14 090] tts        792  TTS_MSG_GETAUDIO  0  
[2026/03/11 19:55:14 098] tts        557  get audio|use local  
[2026/03/11 19:55:14 104] tts        570  local audiolen:  512  ,ced:  198  
[2026/03/11 19:55:14 112] tts        599  0  udata(d802ffc8) 1  
[2026/03/11 19:55:14 139] tts        792  TTS_MSG_GETAUDIO  0  
[2026/03/11 19:55:14 145] tts        557  get audio|use local  
[2026/03/11 19:55:14 154] tts        570  local audiolen:  512  ,ced:  198  
[2026/03/11 19:55:14 161] tts        599  0  udata(d8030018) 1  
[2026/03/11 19:55:14 210] tts        792  TTS_MSG_GETAUDIO  0  
[2026/03/11 19:55:14 220] tts        557  get audio|use local  
[2026/03/11 19:55:14 223] tts        570  local audiolen:  512  ,ced:  198  
[2026/03/11 19:55:14 226] tts        599  0  udata(d8030068) 1  
[2026/03/11 19:55:14 271] tts        792  TTS_MSG_GETAUDIO  0  
[2026/03/11 19:55:14 280] tts        557  get audio|use local  
[2026/03/11 19:55:14 283] tts        570  local audiolen:  512  ,ced:  198  
[2026/03/11 19:55:14 290] tts        599  0  udata(d80300b8) 1  
[2026/03/11 19:55:14 330] tts        792  TTS_MSG_GETAUDIO  0  
[2026/03/11 19:55:14 338] tts        557  get audio|use local  
[2026/03/11 19:55:14 349] tts        570  local audiolen:  512  ,ced:  198  
[2026/03/11 19:55:14 360] tts        599  0  udata(d8030108) 1  
[2026/03/11 19:55:14 403] tts        792  TTS_MSG_GETAUDIO  0  
[2026/03/11 19:55:14 410] tts        557  get audio|use local  
[2026/03/11 19:55:14 420] tts        570  local audiolen:  512  ,ced:  198  
[2026/03/11 19:55:14 424] tts        599  0  udata(d8030158) 1  
[2026/03/11 19:55:14 465] tts        792  TTS_MSG_GETAUDIO  0  
[2026/03/11 19:55:14 469] tts        557  get audio|use local  
[2026/03/11 19:55:14 481] tts        570  local audiolen:  512  ,ced:  198  
[2026/03/11 19:55:14 487] tts        599  0  udata(d80301a8) 1  
[2026/03/11 19:55:14 524] tts        792  TTS_MSG_GETAUDIO  0  
[2026/03/11 19:55:14 533] tts        557  get audio|use local  
[2026/03/11 19:55:14 536] tts        570  local audiolen:  512  ,ced:  198  
[2026/03/11 19:55:14 545] tts        599  0  udata(d80301f8) 1  
[2026/03/11 19:55:14 578] tts        792  TTS_MSG_GETAUDIO  0  
[2026/03/11 19:55:14 584] tts        557  get audio|use local  
[2026/03/11 19:55:14 594] tts        570  local audiolen:  214  ,ced:  198  
[2026/03/11 19:55:14 600] tts        599  0  udata(d802c598) 1  
[2026/03/11 19:55:14 630] tts        792  TTS_MSG_GETAUDIO  0  
[2026/03/11 19:55:14 636] tts        557  get audio|use local  
[2026/03/11 19:55:14 638] tts        570  local audiolen:  212  ,ced:  285  
[2026/03/11 19:55:14 644] tts        599  0  udata(d802c5e8) 1  
[2026/03/11 19:55:14 671] tts        792  TTS_MSG_GETAUDIO  0  
[2026/03/11 19:55:14 684] tts        557  get audio|use local  
[2026/03/11 19:55:14 687] tts        570  local audiolen:  6148  ,ced:  285  
[2026/03/11 19:55:14 693] tts        599  0  udata(d802c0f8) 1  
[2026/03/11 19:55:14 736] tts        792  TTS_MSG_GETAUDIO  0  
[2026/03/11 19:55:14 743] tts        557  get audio|use local  
[2026/03/11 19:55:14 745] tts        570  local audiolen:  3050  ,ced:  285  
[2026/03/11 19:55:14 753] tts        599  0  udata(d802c638) 1  
[2026/03/11 19:55:14 798] tts        792  TTS_MSG_GETAUDIO  0  
[2026/03/11 19:55:14 806] tts        557  get audio|use local  
[2026/03/11 19:55:14 811] tts        570  local audiolen:  9560  ,ced:  285  
[2026/03/11 19:55:14 820] tts        599  0  udata(d802c4a8) 1  
[2026/03/11 19:55:14 848] tts        792  TTS_MSG_GETAUDIO  0  
[2026/03/11 19:55:14 852] tts        557  get audio|use local  
[2026/03/11 19:55:14 856] tts        570  local audiolen:  6222  ,ced:  285  
[2026/03/11 19:55:14 865] tts        599  0  udata(d802c4f8) 1  
[2026/03/11 19:55:14 892] tts        792  TTS_MSG_GETAUDIO  0  
[2026/03/11 19:55:14 894] tts        557  get audio|use local  
[2026/03/11 19:55:14 900] tts        570  local audiolen:  10758  ,ced:  285  
[2026/03/11 19:55:14 902] tts        599  0  udata(d802c548) 1  
[2026/03/11 19:55:14 940] tts        792  TTS_MSG_GETAUDIO  0  
[2026/03/11 19:55:14 947] tts        557  get audio|use local  
[2026/03/11 19:55:14 956] tts        570  local audiolen:  18818  ,ced:  285  
[2026/03/11 19:55:14 959] tts        599  0  udata(d8030248) 1  
[2026/03/11 19:55:15 019] tts        792  TTS_MSG_GETAUDIO  0  
[2026/03/11 19:55:15 021] tts        557  get audio|use local  
[2026/03/11 19:55:15 022] tts        570  local audiolen:  3552  ,ced:  285  
[2026/03/11 19:55:15 024] tts        599  0  udata(d8030298) 1  
[2026/03/11 19:55:15 067] tts        792  TTS_MSG_GETAUDIO  0  
[2026/03/11 19:55:15 081] tts        557  get audio|use local  
[2026/03/11 19:55:15 085] tts        570  local audiolen:  5792  ,ced:  285  
[2026/03/11 19:55:15 095] tts        599  0  udata(d80302e8) 1  
[2026/03/11 19:55:15 135] tts        792  TTS_MSG_GETAUDIO  0  
[2026/03/11 19:55:15 137] tts        557  get audio|use local  
[2026/03/11 19:55:15 145] tts        570  local audiolen:  7184  ,ced:  285  
[2026/03/11 19:55:15 148] tts        599  0  udata(d8030338) 1  
[2026/03/11 19:55:15 192] tts        792  TTS_MSG_GETAUDIO  0  
[2026/03/11 19:55:15 200] tts        557  get audio|use local  
[2026/03/11 19:55:15 204] tts        570  local audiolen:  8980  ,ced:  285  
[2026/03/11 19:55:15 214] tts        599  0  udata(d8030388) 1  
[2026/03/11 19:55:15 255] tts        792  TTS_MSG_GETAUDIO  0  
[2026/03/11 19:55:15 262] tts        557  get audio|use local  
[2026/03/11 19:55:15 270] tts        570  local audiolen:  5958  ,ced:  285  
[2026/03/11 19:55:15 280] tts        599  0  udata(d80303d8) 1  
[2026/03/11 19:55:15 317] tts        792  TTS_MSG_GETAUDIO  0  
[2026/03/11 19:55:15 319] tts        557  get audio|use local  
[2026/03/11 19:55:15 321] tts        570  local audiolen:  7214  ,ced:  285  
[2026/03/11 19:55:15 328] tts        599  0  udata(d8030428) 1  
[2026/03/11 19:55:15 370] tts        792  TTS_MSG_GETAUDIO  0  
[2026/03/11 19:55:15 376] tts        557  get audio|use local  
[2026/03/11 19:55:15 378] tts        570  local audiolen:  9102  ,ced:  285  
[2026/03/11 19:55:15 386] tts        599  0  udata(d8030478) 1  
[2026/03/11 19:55:15 432] tts        792  TTS_MSG_GETAUDIO  0  
[2026/03/11 19:55:15 435] tts        557  get audio|use local  
[2026/03/11 19:55:15 441] tts        570  local audiolen:  11824  ,ced:  285  
[2026/03/11 19:55:15 452] tts        599  0  udata(d802f9a8) 1  
[2026/03/11 19:55:15 488] tts        792  TTS_MSG_GETAUDIO  0  
[2026/03/11 19:55:15 495] tts        557  get audio|use local  
[2026/03/11 19:55:15 507] tts        570  local audiolen:  7742  ,ced:  285  
[2026/03/11 19:55:15 510] tts        599  0  udata(d802f9f8) 1  
[2026/03/11 19:55:15 547] tts        792  TTS_MSG_GETAUDIO  0  
[2026/03/11 19:55:15 556] tts        557  get audio|use local  
[2026/03/11 19:55:15 559] tts        570  local audiolen:  7718  ,ced:  285  
[2026/03/11 19:55:15 568] tts        599  0  udata(d802fa48) 1  
[2026/03/11 19:55:15 612] tts        792  TTS_MSG_GETAUDIO  0  
[2026/03/11 19:55:15 620] tts        557  get audio|use local  
[2026/03/11 19:55:15 627] tts        570  local audiolen:  11494  ,ced:  285  
[2026/03/11 19:55:15 629] tts        599  0  udata(d802f868) 1  
[2026/03/11 19:55:15 662] tts        792  TTS_MSG_GETAUDIO  0  
[2026/03/11 19:55:15 668] tts        557  get audio|use local  
[2026/03/11 19:55:15 673] tts        570  local audiolen:  4320  ,ced:  285  
[2026/03/11 19:55:15 680] tts        599  0  udata(d802f8b8) 1  
[2026/03/11 19:55:15 721] tts        792  TTS_MSG_GETAUDIO  0  
[2026/03/11 19:55:15 729] tts        557  get audio|use local  
[2026/03/11 19:55:15 736] tts        570  local audiolen:  6836  ,ced:  285  
[2026/03/11 19:55:15 743] tts        599  0  udata(d802f908) 1  
[2026/03/11 19:55:15 786] tts        792  TTS_MSG_GETAUDIO  0  
[2026/03/11 19:55:15 792] tts        557  get audio|use local  
[2026/03/11 19:55:15 797] tts        570  local audiolen:  7354  ,ced:  285  
[2026/03/11 19:55:15 815] tts        599  0  udata(d802f958) 1  
[2026/03/11 19:55:15 838] tts        792  TTS_MSG_GETAUDIO  0  
[2026/03/11 19:55:15 845] tts        557  get audio|use local  
[2026/03/11 19:55:15 851] tts        570  local audiolen:  4000  ,ced:  285  
[2026/03/11 19:55:15 860] tts        599  0  udata(d802fa98) 1  
[2026/03/11 19:55:15 903] tts        792  TTS_MSG_GETAUDIO  0  
[2026/03/11 19:55:15 905] tts        557  get audio|use local  
[2026/03/11 19:55:15 912] tts        570  local audiolen:  8972  ,ced:  285  
[2026/03/11 19:55:15 919] tts        599  0  udata(d802fae8) 1  
[2026/03/11 19:55:15 959] tts        792  TTS_MSG_GETAUDIO  0  
[2026/03/11 19:55:15 964] tts        557  get audio|use local  
[2026/03/11 19:55:15 970] tts        570  local audiolen:  8292  ,ced:  285  
[2026/03/11 19:55:15 976] tts        599  0  udata(d802fb38) 1  
[2026/03/11 19:55:16 019] tts        792  TTS_MSG_GETAUDIO  0  
[2026/03/11 19:55:16 025] tts        557  get audio|use local  
[2026/03/11 19:55:16 036] tts        570  local audiolen:  5594  ,ced:  285  
[2026/03/11 19:55:16 039] tts        599  0  udata(d802fb88) 1  
[2026/03/11 19:55:16 080] tts        792  TTS_MSG_GETAUDIO  0  
[2026/03/11 19:55:16 081] tts        557  get audio|use local  
[2026/03/11 19:55:16 088] tts        570  local audiolen:  8614  ,ced:  285  
[2026/03/11 19:55:16 095] tts        599  0  udata(d802fbd8) 1  
[2026/03/11 19:55:16 134] tts        792  TTS_MSG_GETAUDIO  0  
[2026/03/11 19:55:16 140] tts        557  get audio|use local  
[2026/03/11 19:55:16 143] tts        570  local audiolen:  11818  ,ced:  285  
[2026/03/11 19:55:16 150] tts        599  0  udata(d802fc28) 1  
[2026/03/11 19:55:16 183] tts        792  TTS_MSG_GETAUDIO  0  
[2026/03/11 19:55:16 192] tts        557  get audio|use local  
[2026/03/11 19:55:16 197] tts        570  local audiolen:  6874  ,ced:  285  
[2026/03/11 19:55:16 212] tts        599  0  udata(d802fc78) 1  
[2026/03/11 19:55:16 248] tts        792  TTS_MSG_GETAUDIO  0  
[2026/03/11 19:55:16 250] tts        557  get audio|use local  
[2026/03/11 19:55:16 257] tts        570  local audiolen:  4632  ,ced:  285  
[2026/03/11 19:55:16 265] tts        599  0  udata(d802fcc8) 1  
[2026/03/11 19:55:16 308] tts        792  TTS_MSG_GETAUDIO  0  
[2026/03/11 19:55:16 315] tts        557  get audio|use local  
[2026/03/11 19:55:16 327] tts        570  local audiolen:  8636  ,ced:  285  
[2026/03/11 19:55:16 330] tts        599  0  udata(d802fd18) 2  
[2026/03/11 19:55:16 424] tts        795  TTS_MSG_SSE  
[2026/03/11 19:55:16 464] tts        693  sse|use local  
[2026/03/11 19:55:16 501] tts        711  tts exit  
