============================================================
Time  2026/03/11 20:05:26 791 
============================================================
[2026/03/11 20:05:26 803] isr        1659 isr loaded!  
[2026/03/11 20:05:26 826] isr        1642 SYS_MSG_REGCB param0 =   msp_status_cb  param1 =   func(b802d6f0) 
[2026/03/11 20:05:26 880] isr        1537 ASR_MSG_SSB  
[2026/03/11 20:05:26 890] isr        1066 session_begin() [in], params:   sub = iat, domain = iat, language = zh_cn, accent = mandarin, sample_rate = 16000, result_type = plain, result_encoding = utf8  nil  
[2026/03/11 20:05:26 900] isr        927  vad_set [in]  
[2026/03/11 20:05:26 908] isr        962  vad_enable :  true  
[2026/03/11 20:05:26 920] isr        980  vad_bos :  10000  
[2026/03/11 20:05:26 953] isr        981  vad_eos :  2000  
[2026/03/11 20:05:26 960] isr        886  enable_vad [in]  
[2026/03/11 20:05:27 029] isr        918  vad enabled!  2000  10000  
[2026/03/11 20:05:27 038] isr        921  enable_vad [out]  
[2026/03/11 20:05:27 051] isr        987  vad_set [out] | ret =  0  
[2026/03/11 20:05:27 055] isr        1187 cur_engine_type =   cloud  
[2026/03/11 20:05:27 061] isr        1001 cloud_session_begin  
[2026/03/11 20:05:27 069] isr        1013 unknown  
[2026/03/11 20:05:27 340] isr        1547 ASR_MSG_AUW,   cloud  
[2026/03/11 20:05:27 353] isr        1559 6400  1  
[2026/03/11 20:05:27 361] isr        1569 once_bytes:   6400  
[2026/03/11 20:05:27 441] isr        851  [aud] speech start  
[2026/03/11 20:05:27 450] isr        798  1  msc  
[2026/03/11 20:05:27 565] isr        1547 ASR_MSG_AUW,   cloud  
[2026/03/11 20:05:27 575] isr        1559 6400  2  
[2026/03/11 20:05:27 762] isr        1547 ASR_MSG_AUW,   cloud  
[2026/03/11 20:05:27 770] isr        1559 6400  2  
[2026/03/11 20:05:28 008] isr        1547 ASR_MSG_AUW,   cloud  
[2026/03/11 20:05:28 015] isr        1559 6400  2  
[2026/03/11 20:05:28 236] isr        1547 ASR_MSG_AUW,   cloud  
[2026/03/11 20:05:28 253] isr        1559 6400  2  
[2026/03/11 20:05:28 477] isr        1547 ASR_MSG_AUW,   cloud  
[2026/03/11 20:05:28 500] isr        1559 6400  2  
[2026/03/11 20:05:28 824] isr        1547 ASR_MSG_AUW,   cloud  
[2026/03/11 20:05:28 852] isr        1559 6400  2  
[2026/03/11 20:05:29 204] isr        1547 ASR_MSG_AUW,   cloud  
[2026/03/11 20:05:29 223] isr        1559 6400  2  
[2026/03/11 20:05:29 587] isr        1547 ASR_MSG_AUW,   cloud  
[2026/03/11 20:05:29 768] isr        1559 6400  2  
[2026/03/11 20:05:30 233] isr        1547 ASR_MSG_AUW,   cloud  
[2026/03/11 20:05:30 358] isr        1559 6400  2  
[2026/03/11 20:05:30 438] isr        1547 ASR_MSG_AUW,   cloud  
[2026/03/11 20:05:30 554] isr        1559 6400  2  
[2026/03/11 20:05:31 275] isr        1547 ASR_MSG_AUW,   cloud  
[2026/03/11 20:05:31 306] isr        1559 6400  2  
[2026/03/11 20:05:31 690] isr        1547 ASR_MSG_AUW,   cloud  
[2026/03/11 20:05:31 809] isr        1559 6400  2  
[2026/03/11 20:05:31 948] isr        1547 ASR_MSG_AUW,   cloud  
[2026/03/11 20:05:31 997] isr        1559 6400  2  
[2026/03/11 20:05:32 594] isr        1547 ASR_MSG_AUW,   cloud  
[2026/03/11 20:05:32 717] isr        1559 6400  2  
[2026/03/11 20:05:33 156] isr        1547 ASR_MSG_AUW,   cloud  
[2026/03/11 20:05:33 197] isr        1559 6400  2  
[2026/03/11 20:05:33 654] isr        1547 ASR_MSG_AUW,   cloud  
[2026/03/11 20:05:33 936] isr        1559 6400  2  
[2026/03/11 20:05:34 401] isr        1547 ASR_MSG_AUW,   cloud  
[2026/03/11 20:05:34 443] isr        1559 6400  2  
[2026/03/11 20:05:34 868] isr        1547 ASR_MSG_AUW,   cloud  
[2026/03/11 20:05:34 918] isr        1559 6400  2  
[2026/03/11 20:05:35 064] isr        1547 ASR_MSG_AUW,   cloud  
[2026/03/11 20:05:35 221] isr        1559 6400  2  
[2026/03/11 20:05:35 547] isr        1547 ASR_MSG_AUW,   cloud  
[2026/03/11 20:05:35 558] isr        1559 6400  2  
[2026/03/11 20:05:35 736] isr        1547 ASR_MSG_AUW,   cloud  
[2026/03/11 20:05:35 836] isr        1559 6400  2  
[2026/03/11 20:05:36 063] isr        1547 ASR_MSG_AUW,   cloud  
[2026/03/11 20:05:36 104] isr        1559 6400  2  
[2026/03/11 20:05:36 261] isr        1547 ASR_MSG_AUW,   cloud  
[2026/03/11 20:05:36 295] isr        1559 6400  2  
[2026/03/11 20:05:36 549] isr        1547 ASR_MSG_AUW,   cloud  
[2026/03/11 20:05:36 591] isr        1559 6400  2  
[2026/03/11 20:05:36 764] isr        1547 ASR_MSG_AUW,   cloud  
[2026/03/11 20:05:36 797] isr        1559 6400  2  
[2026/03/11 20:05:37 023] isr        1547 ASR_MSG_AUW,   cloud  
[2026/03/11 20:05:37 060] isr        1559 6400  2  
[2026/03/11 20:05:37 126] isr        1547 ASR_MSG_AUW,   cloud  
[2026/03/11 20:05:37 176] isr        1559 6400  2  
[2026/03/11 20:05:37 512] isr        1547 ASR_MSG_AUW,   cloud  
[2026/03/11 20:05:37 568] isr        1559 6400  2  
[2026/03/11 20:05:37 727] isr        1547 ASR_MSG_AUW,   cloud  
[2026/03/11 20:05:37 743] isr        1559 6400  2  
[2026/03/11 20:05:38 174] isr        1547 ASR_MSG_AUW,   cloud  
[2026/03/11 20:05:38 262] isr        1559 6400  2  
[2026/03/11 20:05:38 390] isr        1547 ASR_MSG_AUW,   cloud  
[2026/03/11 20:05:38 417] isr        1559 6400  2  
[2026/03/11 20:05:39 390] isr        1547 ASR_MSG_AUW,   cloud  
[2026/03/11 20:05:39 400] isr        1559 6400  2  
[2026/03/11 20:05:39 626] isr        1547 ASR_MSG_AUW,   cloud  
[2026/03/11 20:05:39 653] isr        1559 6400  2  
[2026/03/11 20:05:39 928] isr        1547 ASR_MSG_AUW,   cloud  
[2026/03/11 20:05:39 947] isr        1559 6400  2  
[2026/03/11 20:05:40 156] isr        1547 ASR_MSG_AUW,   cloud  
[2026/03/11 20:05:40 184] isr        1559 6400  2  
[2026/03/11 20:05:40 313] isr        1547 ASR_MSG_AUW,   cloud  
[2026/03/11 20:05:40 404] isr        1559 6400  2  
[2026/03/11 20:05:40 516] isr        1547 ASR_MSG_AUW,   cloud  
[2026/03/11 20:05:40 616] isr        1559 6400  2  
[2026/03/11 20:05:40 754] isr        1547 ASR_MSG_AUW,   cloud  
[2026/03/11 20:05:40 796] isr        1559 6400  2  
[2026/03/11 20:05:40 948] isr        1547 ASR_MSG_AUW,   cloud  
[2026/03/11 20:05:40 966] isr        1559 6400  2  
[2026/03/11 20:05:41 954] isr        1547 ASR_MSG_AUW,   cloud  
[2026/03/11 20:05:41 962] isr        1559 6400  2  
[2026/03/11 20:05:42 034] isr        1547 ASR_MSG_AUW,   cloud  
[2026/03/11 20:05:42 051] isr        1559 6400  2  
[2026/03/11 20:05:42 271] isr        1547 ASR_MSG_AUW,   cloud  
[2026/03/11 20:05:42 297] isr        1559 6400  2  
[2026/03/11 20:05:42 519] isr        1547 ASR_MSG_AUW,   cloud  
[2026/03/11 20:05:42 580] isr        1559 6400  2  
[2026/03/11 20:05:42 832] isr        1547 ASR_MSG_AUW,   cloud  
[2026/03/11 20:05:42 888] isr        1559 6400  2  
[2026/03/11 20:05:43 049] isr        1547 ASR_MSG_AUW,   cloud  
[2026/03/11 20:05:43 085] isr        1559 6400  2  
[2026/03/11 20:05:43 280] isr        1547 ASR_MSG_AUW,   cloud  
[2026/03/11 20:05:43 726] isr        1559 6400  2  
[2026/03/11 20:05:43 922] isr        1547 ASR_MSG_AUW,   cloud  
[2026/03/11 20:05:43 936] isr        1559 6400  2  
[2026/03/11 20:05:44 104] isr        1547 ASR_MSG_AUW,   cloud  
[2026/03/11 20:05:44 135] isr        1559 6400  2  
[2026/03/11 20:05:44 358] isr        1547 ASR_MSG_AUW,   cloud  
[2026/03/11 20:05:44 424] isr        1559 6400  2  
[2026/03/11 20:05:44 590] isr        1547 ASR_MSG_AUW,   cloud  
[2026/03/11 20:05:44 607] isr        1559 6400  2  
[2026/03/11 20:05:44 771] isr        1547 ASR_MSG_AUW,   cloud  
[2026/03/11 20:05:44 833] isr        1559 6400  2  
[2026/03/11 20:05:45 008] isr        1547 ASR_MSG_AUW,   cloud  
[2026/03/11 20:05:45 013] isr        1559 6400  2  
[2026/03/11 20:05:45 661] isr        1547 ASR_MSG_AUW,   cloud  
[2026/03/11 20:05:45 688] isr        1559 6400  2  
[2026/03/11 20:05:45 849] isr        1547 ASR_MSG_AUW,   cloud  
[2026/03/11 20:05:45 872] isr        1559 6400  2  
[2026/03/11 20:05:45 933] isr        1547 ASR_MSG_AUW,   cloud  
[2026/03/11 20:05:45 967] isr        1559 6400  2  
[2026/03/11 20:05:46 218] isr        1547 ASR_MSG_AUW,   cloud  
[2026/03/11 20:05:46 292] isr        1559 6400  2  
[2026/03/11 20:05:46 507] isr        1547 ASR_MSG_AUW,   cloud  
[2026/03/11 20:05:46 518] isr        1559 6400  2  
[2026/03/11 20:05:46 633] isr        1547 ASR_MSG_AUW,   cloud  
[2026/03/11 20:05:46 652] isr        1559 6400  2  
[2026/03/11 20:05:47 093] isr        1547 ASR_MSG_AUW,   cloud  
[2026/03/11 20:05:47 185] isr        1559 6400  2  
[2026/03/11 20:05:47 302] isr        1547 ASR_MSG_AUW,   cloud  
[2026/03/11 20:05:47 323] isr        1559 6400  2  
[2026/03/11 20:05:47 487] isr        1547 ASR_MSG_AUW,   cloud  
[2026/03/11 20:05:47 525] isr        1559 6400  2  
[2026/03/11 20:05:47 732] isr        1547 ASR_MSG_AUW,   cloud  
[2026/03/11 20:05:47 780] isr        1559 6400  2  
[2026/03/11 20:05:47 945] isr        1547 ASR_MSG_AUW,   cloud  
[2026/03/11 20:05:47 954] isr        1559 6400  2  
[2026/03/11 20:05:48 096] isr        1547 ASR_MSG_AUW,   cloud  
[2026/03/11 20:05:48 165] isr        1559 6400  2  
[2026/03/11 20:05:48 404] isr        1547 ASR_MSG_AUW,   cloud  
[2026/03/11 20:05:48 428] isr        1559 6400  2  
[2026/03/11 20:05:48 547] isr        1547 ASR_MSG_AUW,   cloud  
[2026/03/11 20:05:48 578] isr        1559 6400  2  
[2026/03/11 20:05:49 285] isr        1547 ASR_MSG_AUW,   cloud  
[2026/03/11 20:05:49 358] isr        1559 6400  2  
[2026/03/11 20:05:49 464] isr        1547 ASR_MSG_AUW,   cloud  
[2026/03/11 20:05:49 475] isr        1559 6400  2  
[2026/03/11 20:05:49 627] isr        1547 ASR_MSG_AUW,   cloud  
[2026/03/11 20:05:49 638] isr        1559 6400  2  
[2026/03/11 20:05:49 822] isr        1547 ASR_MSG_AUW,   cloud  
[2026/03/11 20:05:50 024] isr        1559 6400  2  
[2026/03/11 20:05:50 232] isr        1547 ASR_MSG_AUW,   cloud  
[2026/03/11 20:05:50 240] isr        1559 6400  2  
[2026/03/11 20:05:50 413] isr        1547 ASR_MSG_AUW,   cloud  
[2026/03/11 20:05:50 457] isr        1559 6400  2  
[2026/03/11 20:05:50 752] isr        1547 ASR_MSG_AUW,   cloud  
[2026/03/11 20:05:50 764] isr        1559 6400  2  
[2026/03/11 20:05:50 926] isr        1547 ASR_MSG_AUW,   cloud  
[2026/03/11 20:05:51 031] isr        1559 6400  2  
[2026/03/11 20:05:51 160] isr        1547 ASR_MSG_AUW,   cloud  
[2026/03/11 20:05:51 201] isr        1559 6400  2  
[2026/03/11 20:05:51 281] isr        1547 ASR_MSG_AUW,   cloud  
[2026/03/11 20:05:51 299] isr        1559 6400  2  
[2026/03/11 20:05:51 514] isr        1547 ASR_MSG_AUW,   cloud  
[2026/03/11 20:05:51 556] isr        1559 6400  2  
[2026/03/11 20:05:51 716] isr        1547 ASR_MSG_AUW,   cloud  
[2026/03/11 20:05:51 736] isr        1559 6400  2  
[2026/03/11 20:05:51 920] isr        1547 ASR_MSG_AUW,   cloud  
[2026/03/11 20:05:51 927] isr        1559 6400  2  
[2026/03/11 20:05:52 069] isr        1547 ASR_MSG_AUW,   cloud  
[2026/03/11 20:05:52 111] isr        1559 6400  2  
[2026/03/11 20:05:52 296] isr        1547 ASR_MSG_AUW,   cloud  
[2026/03/11 20:05:52 334] isr        1559 6400  2  
[2026/03/11 20:05:52 515] isr        1547 ASR_MSG_AUW,   cloud  
[2026/03/11 20:05:52 557] isr        1559 6400  2  
[2026/03/11 20:05:52 827] isr        1547 ASR_MSG_AUW,   cloud  
[2026/03/11 20:05:52 868] isr        1559 6400  2  
[2026/03/11 20:05:53 299] isr        1547 ASR_MSG_AUW,   cloud  
[2026/03/11 20:05:53 364] isr        1559 6400  2  
[2026/03/11 20:05:53 663] isr        1547 ASR_MSG_AUW,   cloud  
[2026/03/11 20:05:53 735] isr        1559 6400  2  
[2026/03/11 20:05:54 011] isr        1547 ASR_MSG_AUW,   cloud  
[2026/03/11 20:05:54 056] isr        1559 6400  2  
[2026/03/11 20:05:54 134] isr        700  cloud_status_cb, eps:  1  
[2026/03/11 20:05:54 144] isr        798  1  cloud  
[2026/03/11 20:05:54 156] isr        813  cloud eps ignored  
[2026/03/11 20:05:54 278] isr        1547 ASR_MSG_AUW,   cloud  
[2026/03/11 20:05:55 021] isr        1559 6400  2  
[2026/03/11 20:05:55 197] isr        1547 ASR_MSG_AUW,   cloud  
[2026/03/11 20:05:55 229] isr        1559 6400  2  
[2026/03/11 20:05:55 371] isr        1547 ASR_MSG_AUW,   cloud  
[2026/03/11 20:05:55 400] isr        1559 6400  2  
[2026/03/11 20:05:55 586] isr        1547 ASR_MSG_AUW,   cloud  
[2026/03/11 20:05:55 609] isr        1559 6400  2  
[2026/03/11 20:05:55 848] isr        1547 ASR_MSG_AUW,   cloud  
[2026/03/11 20:05:55 880] isr        1559 6400  2  
[2026/03/11 20:05:56 009] isr        1547 ASR_MSG_AUW,   cloud  
[2026/03/11 20:05:56 031] isr        1559 6400  2  
[2026/03/11 20:05:56 117] isr        1547 ASR_MSG_AUW,   cloud  
[2026/03/11 20:05:56 148] isr        1559 6400  2  
[2026/03/11 20:05:56 325] isr        1547 ASR_MSG_AUW,   cloud  
[2026/03/11 20:05:56 348] isr        1559 6400  2  
[2026/03/11 20:05:56 403] isr        1547 ASR_MSG_AUW,   cloud  
[2026/03/11 20:05:56 442] isr        1559 6400  2  
[2026/03/11 20:05:56 781] isr        1547 ASR_MSG_AUW,   cloud  
[2026/03/11 20:05:56 811] isr        1559 6400  2  
[2026/03/11 20:05:57 022] isr        1547 ASR_MSG_AUW,   cloud  
[2026/03/11 20:05:57 078] isr        1559 6400  2  
[2026/03/11 20:05:57 130] isr        1547 ASR_MSG_AUW,   cloud  
[2026/03/11 20:05:57 160] isr        1559 6400  2  
[2026/03/11 20:05:57 474] isr        1547 ASR_MSG_AUW,   cloud  
[2026/03/11 20:05:57 517] isr        1559 6400  2  
[2026/03/11 20:05:57 720] isr        1547 ASR_MSG_AUW,   cloud  
[2026/03/11 20:05:57 736] isr        1559 6400  2  
[2026/03/11 20:05:57 857] isr        1547 ASR_MSG_AUW,   cloud  
[2026/03/11 20:05:57 975] isr        1559 6400  2  
[2026/03/11 20:05:58 067] isr        1547 ASR_MSG_AUW,   cloud  
[2026/03/11 20:05:58 100] isr        1559 6400  2  
[2026/03/11 20:05:59 400] isr        1547 ASR_MSG_AUW,   cloud  
[2026/03/11 20:05:59 489] isr        1559 6400  2  
[2026/03/11 20:05:59 608] isr        1547 ASR_MSG_AUW,   cloud  
[2026/03/11 20:05:59 630] isr        1559 6400  2  
[2026/03/11 20:05:59 823] isr        1547 ASR_MSG_AUW,   cloud  
[2026/03/11 20:05:59 848] isr        1559 6400  2  
[2026/03/11 20:06:00 058] isr        1547 ASR_MSG_AUW,   cloud  
[2026/03/11 20:06:00 060] isr        1559 6400  2  
[2026/03/11 20:06:00 281] isr        1547 ASR_MSG_AUW,   cloud  
[2026/03/11 20:06:00 294] isr        1559 6400  2  
[2026/03/11 20:06:00 701] isr        1547 ASR_MSG_AUW,   cloud  
[2026/03/11 20:06:00 711] isr        1559 6400  2  
[2026/03/11 20:06:00 871] isr        1547 ASR_MSG_AUW,   cloud  
[2026/03/11 20:06:00 894] isr        1559 6400  2  
[2026/03/11 20:06:01 087] isr        1547 ASR_MSG_AUW,   cloud  
[2026/03/11 20:06:01 109] isr        1559 11348  2  
[2026/03/11 20:06:01 282] isr        1547 ASR_MSG_AUW,   cloud  
[2026/03/11 20:06:01 289] isr        1559 0  4  
[2026/03/11 20:06:01 297] isr        1592 aud end, USER  
[2026/03/11 20:06:02 001] isr        854  [aud] speech end  
[2026/03/11 20:06:02 090] isr        798  3  msc  
[2026/03/11 20:06:02 183] isr        1636 ASR_MSG_GRSLT,   cloud  
[2026/03/11 20:06:02 199] isr        1335 0  nil  2  
[2026/03/11 20:06:02 468] isr        1636 ASR_MSG_GRSLT,   cloud  
[2026/03/11 20:06:02 544] isr        1335 0  nil  2  
[2026/03/11 20:06:02 755] isr        1636 ASR_MSG_GRSLT,   cloud  
[2026/03/11 20:06:02 766] isr        1335 0  nil  2  
[2026/03/11 20:06:02 946] isr        1636 ASR_MSG_GRSLT,   cloud  
[2026/03/11 20:06:02 964] isr        1335 0  nil  2  
[2026/03/11 20:06:03 172] isr        1636 ASR_MSG_GRSLT,   cloud  
[2026/03/11 20:06:03 183] isr        1335 0  nil  2  
[2026/03/11 20:06:03 443] isr        1636 ASR_MSG_GRSLT,   cloud  
[2026/03/11 20:06:03 457] isr        1335 0  nil  2  
[2026/03/11 20:06:03 645] isr        1636 ASR_MSG_GRSLT,   cloud  
[2026/03/11 20:06:03 665] isr        1335 0  nil  2  
[2026/03/11 20:06:04 040] isr        1636 ASR_MSG_GRSLT,   cloud  
[2026/03/11 20:06:04 109] isr        1335 0  nil  2  
[2026/03/11 20:06:04 320] isr        1636 ASR_MSG_GRSLT,   cloud  
[2026/03/11 20:06:04 368] isr        1335 0  nil  2  
[2026/03/11 20:06:04 568] isr        1636 ASR_MSG_GRSLT,   cloud  
[2026/03/11 20:06:04 577] isr        1335 0  nil  2  
[2026/03/11 20:06:05 173] isr        1636 ASR_MSG_GRSLT,   cloud  
[2026/03/11 20:06:05 272] isr        1335 0  nil  2  
[2026/03/11 20:06:05 466] isr        1636 ASR_MSG_GRSLT,   cloud  
[2026/03/11 20:06:05 475] isr        1335 0  nil  2  
[2026/03/11 20:06:05 663] isr        1636 ASR_MSG_GRSLT,   cloud  
[2026/03/11 20:06:05 676] isr        1335 0  nil  2  
[2026/03/11 20:06:05 900] isr        1636 ASR_MSG_GRSLT,   cloud  
[2026/03/11 20:06:05 921] isr        1335 0  nil  2  
[2026/03/11 20:06:06 145] isr        1636 ASR_MSG_GRSLT,   cloud  
[2026/03/11 20:06:06 152] isr        1335 0  nil  2  
[2026/03/11 20:06:06 689] isr        1636 ASR_MSG_GRSLT,   cloud  
[2026/03/11 20:06:06 770] isr        1335 0  nil  2  
[2026/03/11 20:06:06 972] isr        1636 ASR_MSG_GRSLT,   cloud  
[2026/03/11 20:06:07 041] isr        1335 0  nil  2  
[2026/03/11 20:06:07 248] isr        1636 ASR_MSG_GRSLT,   cloud  
[2026/03/11 20:06:07 266] isr        1335 0  nil  2  
[2026/03/11 20:06:07 656] isr        1636 ASR_MSG_GRSLT,   cloud  
[2026/03/11 20:06:07 733] isr        1335 0  nil  2  
[2026/03/11 20:06:07 941] isr        1636 ASR_MSG_GRSLT,   cloud  
[2026/03/11 20:06:08 000] isr        1335 0  nil  2  
[2026/03/11 20:06:08 249] isr        1636 ASR_MSG_GRSLT,   cloud  
[2026/03/11 20:06:08 260] isr        1335 0  nil  2  
[2026/03/11 20:06:08 456] isr        1636 ASR_MSG_GRSLT,   cloud  
[2026/03/11 20:06:08 467] isr        1335 0  nil  2  
[2026/03/11 20:06:08 658] isr        1636 ASR_MSG_GRSLT,   cloud  
[2026/03/11 20:06:08 676] isr        1335 0  nil  2  
[2026/03/11 20:06:08 869] isr        1636 ASR_MSG_GRSLT,   cloud  
[2026/03/11 20:06:08 882] isr        1335 0  nil  2  
[2026/03/11 20:06:09 080] isr        1636 ASR_MSG_GRSLT,   cloud  
[2026/03/11 20:06:09 091] isr        1335 0  nil  2  
[2026/03/11 20:06:09 974] isr        1636 ASR_MSG_GRSLT,   cloud  
[2026/03/11 20:06:10 049] isr        1335 0  nil  2  
[2026/03/11 20:06:10 256] isr        1636 ASR_MSG_GRSLT,   cloud  
[2026/03/11 20:06:10 268] isr        1335 0  nil  2  
[2026/03/11 20:06:10 480] isr        1636 ASR_MSG_GRSLT,   cloud  
[2026/03/11 20:06:10 528] isr        1335 0  nil  2  
[2026/03/11 20:06:10 747] isr        1636 ASR_MSG_GRSLT,   cloud  
[2026/03/11 20:06:10 757] isr        1335 0  nil  2  
[2026/03/11 20:06:11 288] isr        1636 ASR_MSG_GRSLT,   cloud  
[2026/03/11 20:06:11 368] isr        1335 0  nil  2  
[2026/03/11 20:06:11 573] isr        1636 ASR_MSG_GRSLT,   cloud  
[2026/03/11 20:06:11 584] isr        1335 0  nil  2  
[2026/03/11 20:06:11 809] isr        1636 ASR_MSG_GRSLT,   cloud  
[2026/03/11 20:06:11 830] isr        1335 0  nil  2  
[2026/03/11 20:06:12 029] isr        1636 ASR_MSG_GRSLT,   cloud  
[2026/03/11 20:06:12 042] isr        1335 0  nil  2  
[2026/03/11 20:06:12 242] isr        1636 ASR_MSG_GRSLT,   cloud  
[2026/03/11 20:06:12 279] isr        1335 0  nil  2  
[2026/03/11 20:06:12 486] isr        1636 ASR_MSG_GRSLT,   cloud  
[2026/03/11 20:06:12 521] isr        1335 0  nil  2  
[2026/03/11 20:06:12 744] isr        1636 ASR_MSG_GRSLT,   cloud  
[2026/03/11 20:06:12 760] isr        1335 0  nil  2  
[2026/03/11 20:06:12 954] isr        1636 ASR_MSG_GRSLT,   cloud  
[2026/03/11 20:06:12 958] isr        1335 0  nil  2  
[2026/03/11 20:06:13 160] isr        1636 ASR_MSG_GRSLT,   cloud  
[2026/03/11 20:06:13 164] isr        1335 0  nil  2  
[2026/03/11 20:06:13 363] isr        1636 ASR_MSG_GRSLT,   cloud  
[2026/03/11 20:06:13 371] isr        1335 0  nil  2  
[2026/03/11 20:06:14 429] isr        1636 ASR_MSG_GRSLT,   cloud  
[2026/03/11 20:06:14 502] isr        1335 0  nil  2  
[2026/03/11 20:06:14 708] isr        1636 ASR_MSG_GRSLT,   cloud  
[2026/03/11 20:06:14 717] isr        1335 0  nil  2  
[2026/03/11 20:06:14 911] isr        1636 ASR_MSG_GRSLT,   cloud  
[2026/03/11 20:06:14 944] isr        1335 0  nil  2  
[2026/03/11 20:06:15 175] isr        1636 ASR_MSG_GRSLT,   cloud  
[2026/03/11 20:06:15 248] isr        1335 0  nil  2  
[2026/03/11 20:06:15 446] isr        1636 ASR_MSG_GRSLT,   cloud  
[2026/03/11 20:06:15 514] isr        1335 0  nil  2  
[2026/03/11 20:06:15 721] isr        1636 ASR_MSG_GRSLT,   cloud  
[2026/03/11 20:06:15 740] isr        1335 0  nil  2  
[2026/03/11 20:06:15 965] isr        1636 ASR_MSG_GRSLT,   cloud  
[2026/03/11 20:06:16 028] isr        1335 0  nil  2  
[2026/03/11 20:06:16 238] isr        1636 ASR_MSG_GRSLT,   cloud  
[2026/03/11 20:06:16 269] isr        1335 0  nil  2  
[2026/03/11 20:06:16 472] isr        1636 ASR_MSG_GRSLT,   cloud  
[2026/03/11 20:06:16 486] isr        1335 0  nil  2  
[2026/03/11 20:06:16 635] isr        1746 !!! timeout without result  
[2026/03/11 20:06:16 700] isr        1636 ASR_MSG_GRSLT,   cloud  
[2026/03/11 20:06:16 716] isr        1335 0  nil  2  
[2026/03/11 20:06:17 849] isr        1636 ASR_MSG_GRSLT,   cloud  
[2026/03/11 20:06:17 942] isr        1335 0  nil  2  
[2026/03/11 20:06:18 142] isr        1636 ASR_MSG_GRSLT,   cloud  
[2026/03/11 20:06:18 163] isr        1335 0  nil  2  
[2026/03/11 20:06:18 376] isr        1636 ASR_MSG_GRSLT,   cloud  
[2026/03/11 20:06:18 387] isr        1335 0  nil  2  
[2026/03/11 20:06:18 927] isr        1636 ASR_MSG_GRSLT,   cloud  
[2026/03/11 20:06:19 057] isr        1335 0  nil  2  
[2026/03/11 20:06:19 253] isr        1636 ASR_MSG_GRSLT,   cloud  
[2026/03/11 20:06:19 264] isr        1335 0  nil  2  
[2026/03/11 20:06:19 620] isr        1636 ASR_MSG_GRSLT,   cloud  
[2026/03/11 20:06:19 682] isr        1335 0  nil  2  
[2026/03/11 20:06:19 892] isr        1636 ASR_MSG_GRSLT,   cloud  
[2026/03/11 20:06:19 906] isr        1335 0  nil  2  
[2026/03/11 20:06:20 116] isr        1636 ASR_MSG_GRSLT,   cloud  
[2026/03/11 20:06:20 142] isr        1335 0  nil  2  
[2026/03/11 20:06:20 351] isr        1636 ASR_MSG_GRSLT,   cloud  
[2026/03/11 20:06:20 358] isr        1335 0  nil  2  
[2026/03/11 20:06:20 554] isr        1636 ASR_MSG_GRSLT,   cloud  
[2026/03/11 20:06:20 563] isr        1335 0  nil  2  
[2026/03/11 20:06:20 761] isr        1636 ASR_MSG_GRSLT,   cloud  
[2026/03/11 20:06:20 782] isr        1335 0  nil  2  
[2026/03/11 20:06:20 996] isr        1636 ASR_MSG_GRSLT,   cloud  
[2026/03/11 20:06:21 014] isr        1335 0  nil  2  
[2026/03/11 20:06:21 728] isr        1636 ASR_MSG_GRSLT,   cloud  
[2026/03/11 20:06:21 796] isr        1335 0  nil  2  
[2026/03/11 20:06:22 002] isr        1636 ASR_MSG_GRSLT,   cloud  
[2026/03/11 20:06:22 011] isr        1335 0  nil  2  
[2026/03/11 20:06:22 367] isr        1636 ASR_MSG_GRSLT,   cloud  
[2026/03/11 20:06:22 446] isr        1335 0  nil  2  
[2026/03/11 20:06:22 654] isr        1636 ASR_MSG_GRSLT,   cloud  
[2026/03/11 20:06:22 660] isr        1335 0  nil  2  
[2026/03/11 20:06:22 942] isr        1636 ASR_MSG_GRSLT,   cloud  
[2026/03/11 20:06:23 035] isr        1335 0  nil  2  
[2026/03/11 20:06:23 231] isr        1636 ASR_MSG_GRSLT,   cloud  
[2026/03/11 20:06:23 247] isr        1335 0  nil  2  
[2026/03/11 20:06:23 476] isr        1636 ASR_MSG_GRSLT,   cloud  
[2026/03/11 20:06:23 670] isr        1335 0  nil  2  
[2026/03/11 20:06:23 942] isr        1636 ASR_MSG_GRSLT,   cloud  
[2026/03/11 20:06:23 956] isr        1335 0  nil  2  
[2026/03/11 20:06:24 160] isr        1636 ASR_MSG_GRSLT,   cloud  
[2026/03/11 20:06:24 206] isr        1335 0  nil  2  
[2026/03/11 20:06:24 405] isr        1636 ASR_MSG_GRSLT,   cloud  
[2026/03/11 20:06:24 416] isr        1335 0  nil  2  
[2026/03/11 20:06:25 050] isr        1636 ASR_MSG_GRSLT,   cloud  
[2026/03/11 20:06:25 121] isr        1335 0  nil  2  
[2026/03/11 20:06:25 309] isr        1636 ASR_MSG_GRSLT,   cloud  
[2026/03/11 20:06:25 317] isr        1335 0  nil  2  
[2026/03/11 20:06:25 525] isr        1636 ASR_MSG_GRSLT,   cloud  
[2026/03/11 20:06:25 622] isr        1335 0  nil  2  
[2026/03/11 20:06:25 816] isr        1636 ASR_MSG_GRSLT,   cloud  
[2026/03/11 20:06:25 828] isr        1335 0  nil  2  
[2026/03/11 20:06:26 028] isr        1636 ASR_MSG_GRSLT,   cloud  
[2026/03/11 20:06:26 045] isr        1335 0  nil  2  
[2026/03/11 20:06:26 331] isr        1636 ASR_MSG_GRSLT,   cloud  
[2026/03/11 20:06:26 372] isr        1335 0  nil  2  
[2026/03/11 20:06:26 617] isr        1636 ASR_MSG_GRSLT,   cloud  
[2026/03/11 20:06:26 624] isr        1335 0  nil  2  
[2026/03/11 20:06:26 659] isr        1764 !!! isr session timeout  
[2026/03/11 20:06:26 832] isr        1636 ASR_MSG_GRSLT,   cloud  
[2026/03/11 20:06:26 852] isr        1335 10114  nil  2  
[2026/03/11 20:06:26 936] isr        1639 ASR_MSG_SSE,   cloud  
[2026/03/11 20:06:26 985] isr        1356 session_end() [in]  
[2026/03/11 20:06:27 014] isr        1421 cloud_session_end() [in]  
[2026/03/11 20:06:27 100] isr        1488 ns_host=  open.xf-yun.com  
[2026/03/11 20:06:27 170] isr        1514 cloud_session_end() [out]  
[2026/03/11 20:06:27 288] isr        1667 isr unload!  
============================================================
Time  2026/03/11 20:13:03 746 
============================================================
[2026/03/11 20:13:03 755] isr        1659 isr loaded!  
[2026/03/11 20:13:03 785] isr        1642 SYS_MSG_REGCB param0 =   msp_status_cb  param1 =   func(2402d6c0) 
[2026/03/11 20:13:03 828] isr        1537 ASR_MSG_SSB  
[2026/03/11 20:13:03 839] isr        1066 session_begin() [in], params:   sub = iat, domain = iat, language = zh_cn, accent = mandarin, sample_rate = 16000, result_type = plain, result_encoding = utf8  nil  
[2026/03/11 20:13:03 843] isr        927  vad_set [in]  
[2026/03/11 20:13:03 854] isr        962  vad_enable :  true  
[2026/03/11 20:13:03 865] isr        980  vad_bos :  10000  
[2026/03/11 20:13:03 877] isr        981  vad_eos :  2000  
[2026/03/11 20:13:03 881] isr        886  enable_vad [in]  
[2026/03/11 20:13:03 945] isr        918  vad enabled!  2000  10000  
[2026/03/11 20:13:03 952] isr        921  enable_vad [out]  
[2026/03/11 20:13:03 954] isr        987  vad_set [out] | ret =  0  
[2026/03/11 20:13:03 960] isr        1187 cur_engine_type =   cloud  
[2026/03/11 20:13:03 963] isr        1001 cloud_session_begin  
[2026/03/11 20:13:03 976] isr        1013 unknown  
[2026/03/11 20:13:04 260] isr        1547 ASR_MSG_AUW,   cloud  
[2026/03/11 20:13:04 288] isr        1559 6400  1  
[2026/03/11 20:13:04 340] isr        1569 once_bytes:   6400  
[2026/03/11 20:13:04 437] isr        851  [aud] speech start  
[2026/03/11 20:13:04 461] isr        798  1  msc  
[2026/03/11 20:13:04 507] isr        1547 ASR_MSG_AUW,   cloud  
[2026/03/11 20:13:04 538] isr        1559 6400  2  
[2026/03/11 20:13:04 689] isr        1547 ASR_MSG_AUW,   cloud  
[2026/03/11 20:13:04 721] isr        1559 6400  2  
[2026/03/11 20:13:05 165] isr        1547 ASR_MSG_AUW,   cloud  
[2026/03/11 20:13:05 178] isr        1559 6400  2  
[2026/03/11 20:13:05 688] isr        1547 ASR_MSG_AUW,   cloud  
[2026/03/11 20:13:05 708] isr        1559 6400  2  
[2026/03/11 20:13:05 812] isr        1547 ASR_MSG_AUW,   cloud  
[2026/03/11 20:13:05 844] isr        1559 6400  2  
[2026/03/11 20:13:06 246] isr        1547 ASR_MSG_AUW,   cloud  
[2026/03/11 20:13:06 274] isr        1559 6400  2  
[2026/03/11 20:13:06 810] isr        1547 ASR_MSG_AUW,   cloud  
[2026/03/11 20:13:06 857] isr        1559 6400  2  
[2026/03/11 20:13:07 081] isr        1547 ASR_MSG_AUW,   cloud  
[2026/03/11 20:13:07 126] isr        1559 6400  2  
[2026/03/11 20:13:07 645] isr        1547 ASR_MSG_AUW,   cloud  
[2026/03/11 20:13:07 674] isr        1559 6400  2  
[2026/03/11 20:13:07 755] isr        1547 ASR_MSG_AUW,   cloud  
[2026/03/11 20:13:07 846] isr        1559 6400  2  
[2026/03/11 20:13:08 209] isr        1547 ASR_MSG_AUW,   cloud  
[2026/03/11 20:13:08 304] isr        1559 6400  2  
[2026/03/11 20:13:09 114] isr        1547 ASR_MSG_AUW,   cloud  
[2026/03/11 20:13:09 177] isr        1559 6400  2  
[2026/03/11 20:13:09 374] isr        1547 ASR_MSG_AUW,   cloud  
[2026/03/11 20:13:09 401] isr        1559 6400  2  
[2026/03/11 20:13:09 739] isr        1547 ASR_MSG_AUW,   cloud  
[2026/03/11 20:13:09 773] isr        1559 6400  2  
[2026/03/11 20:13:10 073] isr        1547 ASR_MSG_AUW,   cloud  
[2026/03/11 20:13:10 132] isr        1559 6400  2  
[2026/03/11 20:13:11 073] isr        1547 ASR_MSG_AUW,   cloud  
[2026/03/11 20:13:11 088] isr        1559 6400  2  
[2026/03/11 20:13:11 258] isr        1547 ASR_MSG_AUW,   cloud  
[2026/03/11 20:13:11 311] isr        1559 6400  2  
[2026/03/11 20:13:11 737] isr        1547 ASR_MSG_AUW,   cloud  
[2026/03/11 20:13:11 863] isr        1559 6400  2  
[2026/03/11 20:13:12 044] isr        1547 ASR_MSG_AUW,   cloud  
[2026/03/11 20:13:12 153] isr        1559 6400  2  
[2026/03/11 20:13:12 557] isr        1547 ASR_MSG_AUW,   cloud  
[2026/03/11 20:13:12 581] isr        1559 6400  2  
[2026/03/11 20:13:12 749] isr        1547 ASR_MSG_AUW,   cloud  
[2026/03/11 20:13:12 776] isr        1559 6400  2  
[2026/03/11 20:13:13 090] isr        1547 ASR_MSG_AUW,   cloud  
[2026/03/11 20:13:13 152] isr        1559 6400  2  
[2026/03/11 20:13:13 336] isr        1547 ASR_MSG_AUW,   cloud  
[2026/03/11 20:13:13 364] isr        1559 6400  2  
[2026/03/11 20:13:13 567] isr        1547 ASR_MSG_AUW,   cloud  
[2026/03/11 20:13:13 569] isr        1559 6400  2  
[2026/03/11 20:13:13 830] isr        1547 ASR_MSG_AUW,   cloud  
[2026/03/11 20:13:13 871] isr        1559 6400  2  
[2026/03/11 20:13:14 032] isr        1547 ASR_MSG_AUW,   cloud  
[2026/03/11 20:13:14 081] isr        1559 6400  2  
[2026/03/11 20:13:14 214] isr        1547 ASR_MSG_AUW,   cloud  
[2026/03/11 20:13:14 263] isr        1559 6400  2  
[2026/03/11 20:13:14 618] isr        1547 ASR_MSG_AUW,   cloud  
[2026/03/11 20:13:14 644] isr        1559 6400  2  
[2026/03/11 20:13:14 844] isr        1547 ASR_MSG_AUW,   cloud  
[2026/03/11 20:13:14 870] isr        1559 6400  2  
[2026/03/11 20:13:15 070] isr        1547 ASR_MSG_AUW,   cloud  
[2026/03/11 20:13:15 180] isr        1559 6400  2  
[2026/03/11 20:13:15 450] isr        1547 ASR_MSG_AUW,   cloud  
[2026/03/11 20:13:15 472] isr        1559 6400  2  
[2026/03/11 20:13:15 650] isr        1547 ASR_MSG_AUW,   cloud  
[2026/03/11 20:13:15 680] isr        1559 6400  2  
[2026/03/11 20:13:15 905] isr        1547 ASR_MSG_AUW,   cloud  
[2026/03/11 20:13:15 917] isr        1559 6400  2  
[2026/03/11 20:13:15 974] isr        1547 ASR_MSG_AUW,   cloud  
[2026/03/11 20:13:16 016] isr        1559 6400  2  
[2026/03/11 20:13:16 294] isr        1547 ASR_MSG_AUW,   cloud  
[2026/03/11 20:13:16 312] isr        1559 6400  2  
[2026/03/11 20:13:16 459] isr        1547 ASR_MSG_AUW,   cloud  
[2026/03/11 20:13:16 476] isr        1559 6400  2  
[2026/03/11 20:13:16 721] isr        1547 ASR_MSG_AUW,   cloud  
[2026/03/11 20:13:16 733] isr        1559 6400  2  
[2026/03/11 20:13:16 880] isr        1547 ASR_MSG_AUW,   cloud  
[2026/03/11 20:13:16 882] isr        1559 6400  2  
[2026/03/11 20:13:17 264] isr        1547 ASR_MSG_AUW,   cloud  
[2026/03/11 20:13:17 281] isr        1559 6400  2  
[2026/03/11 20:13:18 970] isr        1547 ASR_MSG_AUW,   cloud  
[2026/03/11 20:13:19 044] isr        1559 6400  2  
[2026/03/11 20:13:19 139] isr        1547 ASR_MSG_AUW,   cloud  
[2026/03/11 20:13:19 155] isr        1559 6400  2  
[2026/03/11 20:13:19 266] isr        1547 ASR_MSG_AUW,   cloud  
[2026/03/11 20:13:19 283] isr        1559 6400  2  
[2026/03/11 20:13:19 613] isr        1547 ASR_MSG_AUW,   cloud  
[2026/03/11 20:13:19 635] isr        1559 6400  2  
[2026/03/11 20:13:19 908] isr        1547 ASR_MSG_AUW,   cloud  
[2026/03/11 20:13:19 996] isr        1559 6400  2  
[2026/03/11 20:13:20 192] isr        1547 ASR_MSG_AUW,   cloud  
[2026/03/11 20:13:20 275] isr        1559 6400  2  
[2026/03/11 20:13:20 397] isr        1547 ASR_MSG_AUW,   cloud  
[2026/03/11 20:13:20 501] isr        1559 6400  2  
[2026/03/11 20:13:20 711] isr        1547 ASR_MSG_AUW,   cloud  
[2026/03/11 20:13:20 730] isr        1559 6400  2  
[2026/03/11 20:13:20 860] isr        1547 ASR_MSG_AUW,   cloud  
[2026/03/11 20:13:20 869] isr        1559 6400  2  
[2026/03/11 20:13:20 969] isr        1547 ASR_MSG_AUW,   cloud  
[2026/03/11 20:13:20 985] isr        1559 6400  2  
[2026/03/11 20:13:22 149] isr        1547 ASR_MSG_AUW,   cloud  
[2026/03/11 20:13:22 153] isr        1559 6400  2  
[2026/03/11 20:13:22 358] isr        1547 ASR_MSG_AUW,   cloud  
[2026/03/11 20:13:22 374] isr        1559 6400  2  
[2026/03/11 20:13:22 681] isr        1547 ASR_MSG_AUW,   cloud  
[2026/03/11 20:13:22 690] isr        1559 6400  2  
[2026/03/11 20:13:22 756] isr        1547 ASR_MSG_AUW,   cloud  
[2026/03/11 20:13:22 761] isr        1559 6400  2  
[2026/03/11 20:13:23 187] isr        1547 ASR_MSG_AUW,   cloud  
[2026/03/11 20:13:23 212] isr        1559 6400  2  
[2026/03/11 20:13:23 364] isr        1547 ASR_MSG_AUW,   cloud  
[2026/03/11 20:13:23 391] isr        1559 6400  2  
[2026/03/11 20:13:23 613] isr        1547 ASR_MSG_AUW,   cloud  
[2026/03/11 20:13:23 664] isr        1559 6400  2  
[2026/03/11 20:13:23 781] isr        1547 ASR_MSG_AUW,   cloud  
[2026/03/11 20:13:23 794] isr        1559 6400  2  
[2026/03/11 20:13:23 899] isr        1547 ASR_MSG_AUW,   cloud  
[2026/03/11 20:13:23 979] isr        1559 6400  2  
[2026/03/11 20:13:24 132] isr        1547 ASR_MSG_AUW,   cloud  
[2026/03/11 20:13:24 144] isr        1559 6400  2  
[2026/03/11 20:13:24 359] isr        1547 ASR_MSG_AUW,   cloud  
[2026/03/11 20:13:24 364] isr        1559 6400  2  
[2026/03/11 20:13:24 889] isr        1547 ASR_MSG_AUW,   cloud  
[2026/03/11 20:13:24 918] isr        1559 6400  2  
[2026/03/11 20:13:24 977] isr        1547 ASR_MSG_AUW,   cloud  
[2026/03/11 20:13:25 004] isr        1559 6400  2  
[2026/03/11 20:13:25 196] isr        1547 ASR_MSG_AUW,   cloud  
[2026/03/11 20:13:25 234] isr        1559 6400  2  
[2026/03/11 20:13:25 526] isr        1547 ASR_MSG_AUW,   cloud  
[2026/03/11 20:13:25 539] isr        1559 6400  2  
[2026/03/11 20:13:25 707] isr        1547 ASR_MSG_AUW,   cloud  
[2026/03/11 20:13:25 715] isr        1559 6400  2  
[2026/03/11 20:13:26 113] isr        1547 ASR_MSG_AUW,   cloud  
[2026/03/11 20:13:26 128] isr        1559 6400  2  
[2026/03/11 20:13:26 218] isr        1547 ASR_MSG_AUW,   cloud  
[2026/03/11 20:13:26 241] isr        1559 6400  2  
[2026/03/11 20:13:26 465] isr        1547 ASR_MSG_AUW,   cloud  
[2026/03/11 20:13:26 549] isr        1559 6400  2  
[2026/03/11 20:13:26 611] isr        1547 ASR_MSG_AUW,   cloud  
[2026/03/11 20:13:26 638] isr        1559 6400  2  
[2026/03/11 20:13:27 173] isr        1547 ASR_MSG_AUW,   cloud  
[2026/03/11 20:13:27 250] isr        1559 6400  2  
[2026/03/11 20:13:27 421] isr        1547 ASR_MSG_AUW,   cloud  
[2026/03/11 20:13:27 462] isr        1559 6400  2  
[2026/03/11 20:13:27 534] isr        1547 ASR_MSG_AUW,   cloud  
[2026/03/11 20:13:27 570] isr        1559 6400  2  
[2026/03/11 20:13:27 869] isr        1547 ASR_MSG_AUW,   cloud  
[2026/03/11 20:13:27 936] isr        1559 6400  2  
[2026/03/11 20:13:28 020] isr        1547 ASR_MSG_AUW,   cloud  
[2026/03/11 20:13:28 064] isr        1559 6400  2  
[2026/03/11 20:13:28 202] isr        1547 ASR_MSG_AUW,   cloud  
[2026/03/11 20:13:28 218] isr        1559 6400  2  
[2026/03/11 20:13:28 390] isr        1547 ASR_MSG_AUW,   cloud  
[2026/03/11 20:13:28 420] isr        1559 6400  2  
[2026/03/11 20:13:28 912] isr        1547 ASR_MSG_AUW,   cloud  
[2026/03/11 20:13:28 923] isr        1559 6400  2  
[2026/03/11 20:13:29 006] isr        1547 ASR_MSG_AUW,   cloud  
[2026/03/11 20:13:29 010] isr        1559 6400  2  
[2026/03/11 20:13:29 365] isr        1547 ASR_MSG_AUW,   cloud  
[2026/03/11 20:13:29 379] isr        1559 6400  2  
[2026/03/11 20:13:29 520] isr        1547 ASR_MSG_AUW,   cloud  
[2026/03/11 20:13:29 529] isr        1559 6400  2  
[2026/03/11 20:13:29 623] isr        1547 ASR_MSG_AUW,   cloud  
[2026/03/11 20:13:29 626] isr        1559 6400  2  
[2026/03/11 20:13:30 044] isr        1547 ASR_MSG_AUW,   cloud  
[2026/03/11 20:13:30 072] isr        1559 6400  2  
[2026/03/11 20:13:30 264] isr        1547 ASR_MSG_AUW,   cloud  
[2026/03/11 20:13:30 309] isr        1559 6400  2  
[2026/03/11 20:13:30 536] isr        1547 ASR_MSG_AUW,   cloud  
[2026/03/11 20:13:30 550] isr        1559 6400  2  
[2026/03/11 20:13:31 014] isr        1547 ASR_MSG_AUW,   cloud  
[2026/03/11 20:13:31 022] isr        1559 6400  2  
[2026/03/11 20:13:31 189] isr        1547 ASR_MSG_AUW,   cloud  
[2026/03/11 20:13:31 207] isr        1559 6400  2  
[2026/03/11 20:13:31 479] isr        1547 ASR_MSG_AUW,   cloud  
[2026/03/11 20:13:31 508] isr        1559 6400  2  
[2026/03/11 20:13:31 661] isr        1547 ASR_MSG_AUW,   cloud  
[2026/03/11 20:13:31 666] isr        1559 6400  2  
[2026/03/11 20:13:32 139] isr        1547 ASR_MSG_AUW,   cloud  
[2026/03/11 20:13:32 195] isr        1559 6400  2  
[2026/03/11 20:13:32 319] isr        1547 ASR_MSG_AUW,   cloud  
[2026/03/11 20:13:32 326] isr        1559 6400  2  
[2026/03/11 20:13:32 472] isr        1547 ASR_MSG_AUW,   cloud  
[2026/03/11 20:13:32 482] isr        1559 6400  2  
[2026/03/11 20:13:32 722] isr        1547 ASR_MSG_AUW,   cloud  
[2026/03/11 20:13:32 756] isr        1559 6400  2  
[2026/03/11 20:13:32 845] isr        1547 ASR_MSG_AUW,   cloud  
[2026/03/11 20:13:32 854] isr        1559 6400  2  
[2026/03/11 20:13:33 018] isr        1547 ASR_MSG_AUW,   cloud  
[2026/03/11 20:13:33 179] isr        1559 6400  2  
[2026/03/11 20:13:33 337] isr        1547 ASR_MSG_AUW,   cloud  
[2026/03/11 20:13:33 358] isr        1559 6400  2  
[2026/03/11 20:13:33 530] isr        1547 ASR_MSG_AUW,   cloud  
[2026/03/11 20:13:33 560] isr        1559 6400  2  
[2026/03/11 20:13:33 639] isr        1547 ASR_MSG_AUW,   cloud  
[2026/03/11 20:13:33 661] isr        1559 6400  2  
[2026/03/11 20:13:34 044] isr        1547 ASR_MSG_AUW,   cloud  
[2026/03/11 20:13:34 090] isr        1559 6400  2  
[2026/03/11 20:13:34 258] isr        1547 ASR_MSG_AUW,   cloud  
[2026/03/11 20:13:34 273] isr        1559 6400  2  
[2026/03/11 20:13:34 392] isr        1547 ASR_MSG_AUW,   cloud  
[2026/03/11 20:13:34 430] isr        1559 6400  2  
[2026/03/11 20:13:34 639] isr        1547 ASR_MSG_AUW,   cloud  
[2026/03/11 20:13:34 648] isr        1559 6400  2  
[2026/03/11 20:13:34 810] isr        1547 ASR_MSG_AUW,   cloud  
[2026/03/11 20:13:34 824] isr        1559 6400  2  
[2026/03/11 20:13:35 022] isr        1547 ASR_MSG_AUW,   cloud  
[2026/03/11 20:13:35 038] isr        1559 6400  2  
[2026/03/11 20:13:35 159] isr        1547 ASR_MSG_AUW,   cloud  
[2026/03/11 20:13:35 169] isr        1559 6400  2  
[2026/03/11 20:13:35 463] isr        1547 ASR_MSG_AUW,   cloud  
[2026/03/11 20:13:35 466] isr        1559 6400  2  
[2026/03/11 20:13:35 840] isr        1547 ASR_MSG_AUW,   cloud  
[2026/03/11 20:13:35 845] isr        1559 6400  2  
[2026/03/11 20:13:36 120] isr        1547 ASR_MSG_AUW,   cloud  
[2026/03/11 20:13:36 129] isr        1559 6400  2  
[2026/03/11 20:13:36 507] isr        1547 ASR_MSG_AUW,   cloud  
[2026/03/11 20:13:36 524] isr        1559 6400  2  
[2026/03/11 20:13:36 603] isr        700  cloud_status_cb, eps:  1  
[2026/03/11 20:13:36 612] isr        798  1  cloud  
[2026/03/11 20:13:36 632] isr        813  cloud eps ignored  
[2026/03/11 20:13:36 692] isr        1547 ASR_MSG_AUW,   cloud  
[2026/03/11 20:13:36 702] isr        1559 6400  2  
[2026/03/11 20:13:36 814] isr        1547 ASR_MSG_AUW,   cloud  
[2026/03/11 20:13:36 832] isr        1559 11348  2  
[2026/03/11 20:13:37 536] isr        1547 ASR_MSG_AUW,   cloud  
[2026/03/11 20:13:37 541] isr        1559 0  4  
[2026/03/11 20:13:37 552] isr        1592 aud end, USER  
[2026/03/11 20:13:38 032] isr        854  [aud] speech end  
[2026/03/11 20:13:38 061] isr        798  3  msc  
[2026/03/11 20:13:38 229] isr        1636 ASR_MSG_GRSLT,   cloud  
[2026/03/11 20:13:38 258] isr        1335 0  nil  2  
[2026/03/11 20:13:38 665] isr        1636 ASR_MSG_GRSLT,   cloud  
[2026/03/11 20:13:38 740] isr        1335 0  nil  2  
[2026/03/11 20:13:38 940] isr        1636 ASR_MSG_GRSLT,   cloud  
[2026/03/11 20:13:38 970] isr        1335 0  nil  2  
[2026/03/11 20:13:39 439] isr        1636 ASR_MSG_GRSLT,   cloud  
[2026/03/11 20:13:39 528] isr        1335 0  nil  2  
[2026/03/11 20:13:39 756] isr        1636 ASR_MSG_GRSLT,   cloud  
[2026/03/11 20:13:39 784] isr        1335 0  nil  2  
[2026/03/11 20:13:39 993] isr        1636 ASR_MSG_GRSLT,   cloud  
[2026/03/11 20:13:40 008] isr        1335 0  nil  2  
[2026/03/11 20:13:40 268] isr        1636 ASR_MSG_GRSLT,   cloud  
[2026/03/11 20:13:40 272] isr        1335 0  nil  2  
[2026/03/11 20:13:40 461] isr        1636 ASR_MSG_GRSLT,   cloud  
[2026/03/11 20:13:40 476] isr        1335 0  nil  2  
[2026/03/11 20:13:40 674] isr        1636 ASR_MSG_GRSLT,   cloud  
[2026/03/11 20:13:40 682] isr        1335 0  nil  2  
[2026/03/11 20:13:40 881] isr        1636 ASR_MSG_GRSLT,   cloud  
[2026/03/11 20:13:40 884] isr        1335 0  nil  2  
[2026/03/11 20:13:41 093] isr        1636 ASR_MSG_GRSLT,   cloud  
[2026/03/11 20:13:41 097] isr        1335 0  nil  2  
[2026/03/11 20:13:42 157] isr        1636 ASR_MSG_GRSLT,   cloud  
[2026/03/11 20:13:42 163] isr        1335 0  nil  2  
[2026/03/11 20:13:42 360] isr        1636 ASR_MSG_GRSLT,   cloud  
[2026/03/11 20:13:42 370] isr        1335 0  nil  2  
[2026/03/11 20:13:42 610] isr        1636 ASR_MSG_GRSLT,   cloud  
[2026/03/11 20:13:42 676] isr        1335 0  nil  2  
[2026/03/11 20:13:42 874] isr        1636 ASR_MSG_GRSLT,   cloud  
[2026/03/11 20:13:42 887] isr        1335 0  nil  2  
[2026/03/11 20:13:43 084] isr        1636 ASR_MSG_GRSLT,   cloud  
[2026/03/11 20:13:43 090] isr        1335 0  nil  2  
[2026/03/11 20:13:43 316] isr        1636 ASR_MSG_GRSLT,   cloud  
[2026/03/11 20:13:43 320] isr        1335 0  nil  2  
[2026/03/11 20:13:43 513] isr        1636 ASR_MSG_GRSLT,   cloud  
[2026/03/11 20:13:43 527] isr        1335 0  nil  2  
[2026/03/11 20:13:43 721] isr        1636 ASR_MSG_GRSLT,   cloud  
[2026/03/11 20:13:43 736] isr        1335 0  nil  2  
[2026/03/11 20:13:44 245] isr        1636 ASR_MSG_GRSLT,   cloud  
[2026/03/11 20:13:44 301] isr        1335 0  nil  2  
[2026/03/11 20:13:44 489] isr        1636 ASR_MSG_GRSLT,   cloud  
[2026/03/11 20:13:44 498] isr        1335 0  nil  2  
[2026/03/11 20:13:44 707] isr        1636 ASR_MSG_GRSLT,   cloud  
[2026/03/11 20:13:44 709] isr        1335 0  nil  2  
[2026/03/11 20:13:44 922] isr        1636 ASR_MSG_GRSLT,   cloud  
[2026/03/11 20:13:44 935] isr        1335 0  nil  2  
[2026/03/11 20:13:45 120] isr        1636 ASR_MSG_GRSLT,   cloud  
[2026/03/11 20:13:45 126] isr        1335 0  nil  2  
[2026/03/11 20:13:45 333] isr        1636 ASR_MSG_GRSLT,   cloud  
[2026/03/11 20:13:45 341] isr        1335 0  nil  2  
[2026/03/11 20:13:45 760] isr        1636 ASR_MSG_GRSLT,   cloud  
[2026/03/11 20:13:45 794] isr        1335 0  nil  2  
[2026/03/11 20:13:45 971] isr        1636 ASR_MSG_GRSLT,   cloud  
[2026/03/11 20:13:45 981] isr        1335 0  nil  2  
[2026/03/11 20:13:46 208] isr        1636 ASR_MSG_GRSLT,   cloud  
[2026/03/11 20:13:46 249] isr        1335 0  nil  2  
[2026/03/11 20:13:46 428] isr        1636 ASR_MSG_GRSLT,   cloud  
[2026/03/11 20:13:46 437] isr        1335 0  nil  2  
[2026/03/11 20:13:46 618] isr        1636 ASR_MSG_GRSLT,   cloud  
[2026/03/11 20:13:46 625] isr        1335 0  nil  2  
[2026/03/11 20:13:46 982] isr        1636 ASR_MSG_GRSLT,   cloud  
[2026/03/11 20:13:47 013] isr        1335 0  nil  2  
[2026/03/11 20:13:47 197] isr        1636 ASR_MSG_GRSLT,   cloud  
[2026/03/11 20:13:47 199] isr        1335 0  nil  2  
[2026/03/11 20:13:47 388] isr        1636 ASR_MSG_GRSLT,   cloud  
[2026/03/11 20:13:47 389] isr        1335 0  nil  2  
[2026/03/11 20:13:47 581] isr        1636 ASR_MSG_GRSLT,   cloud  
[2026/03/11 20:13:47 582] isr        1335 0  nil  2  
[2026/03/11 20:13:47 756] isr        1636 ASR_MSG_GRSLT,   cloud  
[2026/03/11 20:13:47 757] isr        1335 0  nil  2  
[2026/03/11 20:13:48 109] isr        1636 ASR_MSG_GRSLT,   cloud  
[2026/03/11 20:13:48 187] isr        1335 0  nil  2  
[2026/03/11 20:13:48 368] isr        1636 ASR_MSG_GRSLT,   cloud  
[2026/03/11 20:13:48 403] isr        1335 0  nil  2  
[2026/03/11 20:13:48 604] isr        1636 ASR_MSG_GRSLT,   cloud  
[2026/03/11 20:13:48 611] isr        1335 0  nil  2  
[2026/03/11 20:13:48 790] isr        1636 ASR_MSG_GRSLT,   cloud  
[2026/03/11 20:13:48 798] isr        1335 0  nil  2  
[2026/03/11 20:13:49 626] isr        1636 ASR_MSG_GRSLT,   cloud  
[2026/03/11 20:13:49 700] isr        1335 0  nil  2  
[2026/03/11 20:13:49 907] isr        1636 ASR_MSG_GRSLT,   cloud  
[2026/03/11 20:13:49 918] isr        1335 0  nil  2  
[2026/03/11 20:13:50 109] isr        1636 ASR_MSG_GRSLT,   cloud  
[2026/03/11 20:13:50 117] isr        1335 0  nil  2  
[2026/03/11 20:13:50 554] isr        1636 ASR_MSG_GRSLT,   cloud  
[2026/03/11 20:13:50 700] isr        1335 0  nil  2  
[2026/03/11 20:13:50 900] isr        1636 ASR_MSG_GRSLT,   cloud  
[2026/03/11 20:13:50 909] isr        1335 0  nil  2  
[2026/03/11 20:13:51 104] isr        1636 ASR_MSG_GRSLT,   cloud  
[2026/03/11 20:13:51 112] isr        1335 0  nil  2  
[2026/03/11 20:13:51 179] isr        662  cloud_rslt_cb status =   0  
[2026/03/11 20:13:51 188] isr        641  process_result call:  cloud  udata(240523c8) 0  nil  
[2026/03/11 20:13:51 313] isr        1636 ASR_MSG_GRSLT,   cloud  
[2026/03/11 20:13:51 325] isr        1335 0  udata(240523c8) 0  
[2026/03/11 20:13:51 530] isr        1636 ASR_MSG_GRSLT,   cloud  
[2026/03/11 20:13:51 564] isr        1335 0  nil  2  
[2026/03/11 20:13:51 952] isr        1636 ASR_MSG_GRSLT,   cloud  
[2026/03/11 20:13:52 024] isr        1335 0  nil  2  
[2026/03/11 20:13:52 225] isr        1636 ASR_MSG_GRSLT,   cloud  
[2026/03/11 20:13:52 256] isr        1335 0  nil  2  
[2026/03/11 20:13:52 475] isr        1636 ASR_MSG_GRSLT,   cloud  
[2026/03/11 20:13:52 478] isr        1335 0  nil  2  
[2026/03/11 20:13:52 674] isr        1636 ASR_MSG_GRSLT,   cloud  
[2026/03/11 20:13:52 685] isr        1335 0  nil  2  
[2026/03/11 20:13:52 712] isr        1764 !!! isr session timeout  
[2026/03/11 20:13:52 901] isr        1636 ASR_MSG_GRSLT,   cloud  
[2026/03/11 20:13:52 912] isr        1335 10114  nil  2  
[2026/03/11 20:13:52 992] isr        1639 ASR_MSG_SSE,   cloud  
[2026/03/11 20:13:53 008] isr        1356 session_end() [in]  
[2026/03/11 20:13:53 043] isr        1421 cloud_session_end() [in]  
[2026/03/11 20:13:53 112] isr        1488 ns_host=  open.xf-yun.com  
[2026/03/11 20:13:53 258] isr        1514 cloud_session_end() [out]  
[2026/03/11 20:13:53 332] isr        1667 isr unload!  
============================================================
Time  2026/03/11 20:15:09 698 
============================================================
[2026/03/11 20:15:09 710] isr        1659 isr loaded!  
[2026/03/11 20:15:09 736] isr        1642 SYS_MSG_REGCB param0 =   msp_status_cb  param1 =   func(bc02d6c0) 
[2026/03/11 20:15:09 780] isr        1537 ASR_MSG_SSB  
[2026/03/11 20:15:09 784] isr        1066 session_begin() [in], params:   sub = iat, domain = iat, language = zh_cn, accent = mandarin, sample_rate = 16000, result_type = plain, result_encoding = utf8  nil  
[2026/03/11 20:15:09 786] isr        927  vad_set [in]  
[2026/03/11 20:15:09 807] isr        962  vad_enable :  true  
[2026/03/11 20:15:09 815] isr        980  vad_bos :  10000  
[2026/03/11 20:15:09 820] isr        981  vad_eos :  2000  
[2026/03/11 20:15:09 828] isr        886  enable_vad [in]  
[2026/03/11 20:15:09 902] isr        918  vad enabled!  2000  10000  
[2026/03/11 20:15:09 911] isr        921  enable_vad [out]  
[2026/03/11 20:15:09 916] isr        987  vad_set [out] | ret =  0  
[2026/03/11 20:15:09 926] isr        1187 cur_engine_type =   cloud  
[2026/03/11 20:15:09 928] isr        1001 cloud_session_begin  
[2026/03/11 20:15:09 933] isr        1013 unknown  
[2026/03/11 20:15:10 212] isr        1547 ASR_MSG_AUW,   cloud  
[2026/03/11 20:15:10 226] isr        1559 6400  1  
[2026/03/11 20:15:10 241] isr        1569 once_bytes:   6400  
[2026/03/11 20:15:10 334] isr        851  [aud] speech start  
[2026/03/11 20:15:10 349] isr        798  1  msc  
[2026/03/11 20:15:10 428] isr        1547 ASR_MSG_AUW,   cloud  
[2026/03/11 20:15:10 444] isr        1559 6400  2  
[2026/03/11 20:15:10 640] isr        1547 ASR_MSG_AUW,   cloud  
[2026/03/11 20:15:10 650] isr        1559 6400  2  
[2026/03/11 20:15:11 132] isr        1547 ASR_MSG_AUW,   cloud  
[2026/03/11 20:15:11 168] isr        1559 6400  2  
[2026/03/11 20:15:11 270] isr        1547 ASR_MSG_AUW,   cloud  
[2026/03/11 20:15:11 290] isr        1559 6400  2  
[2026/03/11 20:15:11 710] isr        1547 ASR_MSG_AUW,   cloud  
[2026/03/11 20:15:11 736] isr        1559 6400  2  
[2026/03/11 20:15:12 104] isr        1547 ASR_MSG_AUW,   cloud  
[2026/03/11 20:15:12 124] isr        1559 6400  2  
[2026/03/11 20:15:12 640] isr        1547 ASR_MSG_AUW,   cloud  
[2026/03/11 20:15:12 664] isr        1559 6400  2  
[2026/03/11 20:15:12 768] isr        1547 ASR_MSG_AUW,   cloud  
[2026/03/11 20:15:12 820] isr        1559 6400  2  
[2026/03/11 20:15:13 520] isr        1547 ASR_MSG_AUW,   cloud  
[2026/03/11 20:15:13 558] isr        1559 6400  2  
[2026/03/11 20:15:13 940] isr        1547 ASR_MSG_AUW,   cloud  
[2026/03/11 20:15:14 088] isr        1559 6400  2  
[2026/03/11 20:15:14 592] isr        1547 ASR_MSG_AUW,   cloud  
[2026/03/11 20:15:14 629] isr        1559 6400  2  
[2026/03/11 20:15:15 924] isr        1547 ASR_MSG_AUW,   cloud  
[2026/03/11 20:15:15 943] isr        1559 6400  2  
[2026/03/11 20:15:16 100] isr        1547 ASR_MSG_AUW,   cloud  
[2026/03/11 20:15:16 424] isr        1559 6400  2  
[2026/03/11 20:15:16 475] isr        1547 ASR_MSG_AUW,   cloud  
[2026/03/11 20:15:16 498] isr        1559 6400  2  
[2026/03/11 20:15:17 275] isr        1547 ASR_MSG_AUW,   cloud  
[2026/03/11 20:15:17 380] isr        1559 6400  2  
[2026/03/11 20:15:17 653] isr        1547 ASR_MSG_AUW,   cloud  
[2026/03/11 20:15:17 747] isr        1559 6400  2  
[2026/03/11 20:15:18 203] isr        1547 ASR_MSG_AUW,   cloud  
[2026/03/11 20:15:18 221] isr        1559 6400  2  
[2026/03/11 20:15:18 281] isr        1547 ASR_MSG_AUW,   cloud  
[2026/03/11 20:15:18 318] isr        1559 6400  2  
[2026/03/11 20:15:18 418] isr        1547 ASR_MSG_AUW,   cloud  
[2026/03/11 20:15:18 428] isr        1559 6400  2  
[2026/03/11 20:15:18 647] isr        1547 ASR_MSG_AUW,   cloud  
[2026/03/11 20:15:18 703] isr        1559 6400  2  
[2026/03/11 20:15:18 780] isr        1547 ASR_MSG_AUW,   cloud  
[2026/03/11 20:15:18 790] isr        1559 6400  2  
[2026/03/11 20:15:19 271] isr        1547 ASR_MSG_AUW,   cloud  
[2026/03/11 20:15:19 289] isr        1559 6400  2  
[2026/03/11 20:15:19 499] isr        1547 ASR_MSG_AUW,   cloud  
[2026/03/11 20:15:19 524] isr        1559 6400  2  
[2026/03/11 20:15:19 640] isr        1547 ASR_MSG_AUW,   cloud  
[2026/03/11 20:15:19 688] isr        1559 6400  2  
[2026/03/11 20:15:19 805] isr        1547 ASR_MSG_AUW,   cloud  
[2026/03/11 20:15:19 827] isr        1559 6400  2  
[2026/03/11 20:15:19 900] isr        1547 ASR_MSG_AUW,   cloud  
[2026/03/11 20:15:19 920] isr        1559 6400  2  
[2026/03/11 20:15:20 032] isr        1547 ASR_MSG_AUW,   cloud  
[2026/03/11 20:15:20 121] isr        1559 6400  2  
[2026/03/11 20:15:20 264] isr        1547 ASR_MSG_AUW,   cloud  
[2026/03/11 20:15:20 397] isr        1559 6400  2  
[2026/03/11 20:15:20 497] isr        1547 ASR_MSG_AUW,   cloud  
[2026/03/11 20:15:20 574] isr        1559 6400  2  
[2026/03/11 20:15:20 774] isr        1547 ASR_MSG_AUW,   cloud  
[2026/03/11 20:15:20 797] isr        1559 6400  2  
[2026/03/11 20:15:21 006] isr        1547 ASR_MSG_AUW,   cloud  
[2026/03/11 20:15:21 018] isr        1559 6400  2  
[2026/03/11 20:15:21 287] isr        1547 ASR_MSG_AUW,   cloud  
[2026/03/11 20:15:21 291] isr        1559 6400  2  
[2026/03/11 20:15:21 511] isr        1547 ASR_MSG_AUW,   cloud  
[2026/03/11 20:15:21 516] isr        1559 6400  2  
[2026/03/11 20:15:21 812] isr        1547 ASR_MSG_AUW,   cloud  
[2026/03/11 20:15:21 905] isr        1559 6400  2  
[2026/03/11 20:15:22 006] isr        1547 ASR_MSG_AUW,   cloud  
[2026/03/11 20:15:22 028] isr        1559 6400  2  
[2026/03/11 20:15:23 689] isr        1547 ASR_MSG_AUW,   cloud  
[2026/03/11 20:15:23 695] isr        1559 6400  2  
[2026/03/11 20:15:23 880] isr        1547 ASR_MSG_AUW,   cloud  
[2026/03/11 20:15:23 909] isr        1559 6400  2  
[2026/03/11 20:15:24 053] isr        1547 ASR_MSG_AUW,   cloud  
[2026/03/11 20:15:24 069] isr        1559 6400  2  
[2026/03/11 20:15:24 158] isr        1547 ASR_MSG_AUW,   cloud  
[2026/03/11 20:15:24 172] isr        1559 6400  2  
[2026/03/11 20:15:24 252] isr        1547 ASR_MSG_AUW,   cloud  
[2026/03/11 20:15:24 294] isr        1559 6400  2  
[2026/03/11 20:15:24 396] isr        1547 ASR_MSG_AUW,   cloud  
[2026/03/11 20:15:24 427] isr        1559 6400  2  
[2026/03/11 20:15:24 532] isr        1547 ASR_MSG_AUW,   cloud  
[2026/03/11 20:15:24 563] isr        1559 6400  2  
[2026/03/11 20:15:24 656] isr        1547 ASR_MSG_AUW,   cloud  
[2026/03/11 20:15:24 674] isr        1559 6400  2  
[2026/03/11 20:15:24 754] isr        1547 ASR_MSG_AUW,   cloud  
[2026/03/11 20:15:24 783] isr        1559 6400  2  
[2026/03/11 20:15:24 836] isr        1547 ASR_MSG_AUW,   cloud  
[2026/03/11 20:15:24 848] isr        1559 6400  2  
[2026/03/11 20:15:24 969] isr        1547 ASR_MSG_AUW,   cloud  
[2026/03/11 20:15:25 465] isr        1559 6400  2  
[2026/03/11 20:15:25 497] isr        1547 ASR_MSG_AUW,   cloud  
[2026/03/11 20:15:25 550] isr        1559 6400  2  
[2026/03/11 20:15:25 618] isr        1547 ASR_MSG_AUW,   cloud  
[2026/03/11 20:15:25 628] isr        1559 6400  2  
[2026/03/11 20:15:25 719] isr        1547 ASR_MSG_AUW,   cloud  
[2026/03/11 20:15:25 748] isr        1559 6400  2  
[2026/03/11 20:15:25 960] isr        1547 ASR_MSG_AUW,   cloud  
[2026/03/11 20:15:26 005] isr        1559 6400  2  
[2026/03/11 20:15:26 571] isr        1547 ASR_MSG_AUW,   cloud  
[2026/03/11 20:15:26 592] isr        1559 6400  2  
[2026/03/11 20:15:26 857] isr        1547 ASR_MSG_AUW,   cloud  
[2026/03/11 20:15:26 870] isr        1559 6400  2  
[2026/03/11 20:15:27 164] isr        1547 ASR_MSG_AUW,   cloud  
[2026/03/11 20:15:27 171] isr        1559 6400  2  
[2026/03/11 20:15:27 231] isr        1547 ASR_MSG_AUW,   cloud  
[2026/03/11 20:15:27 241] isr        1559 6400  2  
[2026/03/11 20:15:27 792] isr        1547 ASR_MSG_AUW,   cloud  
[2026/03/11 20:15:27 805] isr        1559 6400  2  
[2026/03/11 20:15:27 965] isr        1547 ASR_MSG_AUW,   cloud  
[2026/03/11 20:15:27 992] isr        1559 6400  2  
[2026/03/11 20:15:28 181] isr        1547 ASR_MSG_AUW,   cloud  
[2026/03/11 20:15:28 232] isr        1559 6400  2  
[2026/03/11 20:15:28 304] isr        1547 ASR_MSG_AUW,   cloud  
[2026/03/11 20:15:28 321] isr        1559 6400  2  
[2026/03/11 20:15:28 704] isr        1547 ASR_MSG_AUW,   cloud  
[2026/03/11 20:15:28 737] isr        1559 6400  2  
[2026/03/11 20:15:28 907] isr        1547 ASR_MSG_AUW,   cloud  
[2026/03/11 20:15:28 919] isr        1559 6400  2  
[2026/03/11 20:15:29 144] isr        1547 ASR_MSG_AUW,   cloud  
[2026/03/11 20:15:29 165] isr        1559 6400  2  
[2026/03/11 20:15:29 372] isr        1547 ASR_MSG_AUW,   cloud  
[2026/03/11 20:15:29 441] isr        1559 6400  2  
[2026/03/11 20:15:29 550] isr        1547 ASR_MSG_AUW,   cloud  
[2026/03/11 20:15:29 560] isr        1559 6400  2  
[2026/03/11 20:15:29 985] isr        1547 ASR_MSG_AUW,   cloud  
[2026/03/11 20:15:30 107] isr        1559 6400  2  
[2026/03/11 20:15:30 198] isr        1547 ASR_MSG_AUW,   cloud  
[2026/03/11 20:15:30 208] isr        1559 6400  2  
[2026/03/11 20:15:30 362] isr        1547 ASR_MSG_AUW,   cloud  
[2026/03/11 20:15:30 396] isr        1559 6400  2  
[2026/03/11 20:15:30 516] isr        1547 ASR_MSG_AUW,   cloud  
[2026/03/11 20:15:30 544] isr        1559 6400  2  
[2026/03/11 20:15:30 862] isr        1547 ASR_MSG_AUW,   cloud  
[2026/03/11 20:15:30 874] isr        1559 6400  2  
[2026/03/11 20:15:31 050] isr        1547 ASR_MSG_AUW,   cloud  
[2026/03/11 20:15:31 145] isr        1559 6400  2  
[2026/03/11 20:15:31 351] isr        1547 ASR_MSG_AUW,   cloud  
[2026/03/11 20:15:31 389] isr        1559 6400  2  
[2026/03/11 20:15:31 471] isr        1547 ASR_MSG_AUW,   cloud  
[2026/03/11 20:15:31 488] isr        1559 6400  2  
[2026/03/11 20:15:32 255] isr        1547 ASR_MSG_AUW,   cloud  
[2026/03/11 20:15:32 268] isr        1559 6400  2  
[2026/03/11 20:15:32 397] isr        1547 ASR_MSG_AUW,   cloud  
[2026/03/11 20:15:32 408] isr        1559 6400  2  
[2026/03/11 20:15:32 633] isr        1547 ASR_MSG_AUW,   cloud  
[2026/03/11 20:15:32 641] isr        1559 6400  2  
[2026/03/11 20:15:32 686] isr        1547 ASR_MSG_AUW,   cloud  
[2026/03/11 20:15:32 692] isr        1559 6400  2  
[2026/03/11 20:15:32 868] isr        1547 ASR_MSG_AUW,   cloud  
[2026/03/11 20:15:33 077] isr        1559 6400  2  
[2026/03/11 20:15:33 281] isr        1547 ASR_MSG_AUW,   cloud  
[2026/03/11 20:15:33 285] isr        1559 6400  2  
[2026/03/11 20:15:33 481] isr        1547 ASR_MSG_AUW,   cloud  
[2026/03/11 20:15:33 501] isr        1559 6400  2  
[2026/03/11 20:15:33 624] isr        1547 ASR_MSG_AUW,   cloud  
[2026/03/11 20:15:33 637] isr        1559 6400  2  
[2026/03/11 20:15:33 735] isr        1547 ASR_MSG_AUW,   cloud  
[2026/03/11 20:15:33 796] isr        1559 6400  2  
[2026/03/11 20:15:33 890] isr        1547 ASR_MSG_AUW,   cloud  
[2026/03/11 20:15:33 896] isr        1559 6400  2  
[2026/03/11 20:15:33 932] isr        1547 ASR_MSG_AUW,   cloud  
[2026/03/11 20:15:33 942] isr        1559 6400  2  
[2026/03/11 20:15:34 074] isr        1547 ASR_MSG_AUW,   cloud  
[2026/03/11 20:15:34 081] isr        1559 6400  2  
[2026/03/11 20:15:34 186] isr        1547 ASR_MSG_AUW,   cloud  
[2026/03/11 20:15:34 187] isr        1559 6400  2  
[2026/03/11 20:15:34 393] isr        1547 ASR_MSG_AUW,   cloud  
[2026/03/11 20:15:34 404] isr        1559 6400  2  
[2026/03/11 20:15:34 616] isr        1547 ASR_MSG_AUW,   cloud  
[2026/03/11 20:15:34 651] isr        1559 6400  2  
[2026/03/11 20:15:34 745] isr        700  cloud_status_cb, eps:  1  
[2026/03/11 20:15:34 759] isr        798  1  cloud  
[2026/03/11 20:15:34 771] isr        813  cloud eps ignored  
[2026/03/11 20:15:34 819] isr        1547 ASR_MSG_AUW,   cloud  
[2026/03/11 20:15:34 894] isr        1559 6400  2  
[2026/03/11 20:15:35 014] isr        1547 ASR_MSG_AUW,   cloud  
[2026/03/11 20:15:35 022] isr        1559 6400  2  
[2026/03/11 20:15:35 095] isr        1547 ASR_MSG_AUW,   cloud  
============================================================
Time  2026/03/11 20:17:37 488 
============================================================
[2026/03/11 20:17:37 507] isr        1659 isr loaded!  
[2026/03/11 20:17:37 521] isr        1642 SYS_MSG_REGCB param0 =   msp_status_cb  param1 =   func(802d6f0) 
[2026/03/11 20:17:37 568] isr        1537 ASR_MSG_SSB  
[2026/03/11 20:17:37 581] isr        1066 session_begin() [in], params:   sub = iat, domain = iat, language = zh_cn, accent = mandarin, sample_rate = 16000, result_type = plain, result_encoding = utf8  nil  
[2026/03/11 20:17:37 595] isr        927  vad_set [in]  
[2026/03/11 20:17:37 616] isr        962  vad_enable :  true  
[2026/03/11 20:17:37 619] isr        980  vad_bos :  10000  
[2026/03/11 20:17:37 629] isr        981  vad_eos :  2000  
[2026/03/11 20:17:37 640] isr        886  enable_vad [in]  
[2026/03/11 20:17:37 699] isr        918  vad enabled!  2000  10000  
[2026/03/11 20:17:37 702] isr        921  enable_vad [out]  
[2026/03/11 20:17:37 715] isr        987  vad_set [out] | ret =  0  
[2026/03/11 20:17:37 719] isr        1187 cur_engine_type =   cloud  
[2026/03/11 20:17:37 721] isr        1001 cloud_session_begin  
[2026/03/11 20:17:37 725] isr        1013 unknown  
[2026/03/11 20:17:37 967] isr        1547 ASR_MSG_AUW,   cloud  
[2026/03/11 20:17:37 982] isr        1559 6400  1  
[2026/03/11 20:17:37 991] isr        1569 once_bytes:   6400  
[2026/03/11 20:17:38 093] isr        851  [aud] speech start  
[2026/03/11 20:17:38 120] isr        798  1  msc  
[2026/03/11 20:17:38 204] isr        1547 ASR_MSG_AUW,   cloud  
[2026/03/11 20:17:38 235] isr        1559 6400  2  
[2026/03/11 20:17:38 416] isr        1547 ASR_MSG_AUW,   cloud  
[2026/03/11 20:17:38 419] isr        1559 6400  2  
[2026/03/11 20:17:38 708] isr        1547 ASR_MSG_AUW,   cloud  
[2026/03/11 20:17:38 742] isr        1559 6400  2  
[2026/03/11 20:17:39 087] isr        1547 ASR_MSG_AUW,   cloud  
[2026/03/11 20:17:39 097] isr        1559 6400  2  
[2026/03/11 20:17:39 286] isr        1547 ASR_MSG_AUW,   cloud  
[2026/03/11 20:17:39 301] isr        1559 6400  2  
[2026/03/11 20:17:39 679] isr        1547 ASR_MSG_AUW,   cloud  
[2026/03/11 20:17:39 699] isr        1559 6400  2  
[2026/03/11 20:17:40 039] isr        1547 ASR_MSG_AUW,   cloud  
[2026/03/11 20:17:40 068] isr        1559 6400  2  
[2026/03/11 20:17:40 208] isr        1547 ASR_MSG_AUW,   cloud  
[2026/03/11 20:17:40 293] isr        1559 6400  2  
[2026/03/11 20:17:40 865] isr        1547 ASR_MSG_AUW,   cloud  
[2026/03/11 20:17:40 960] isr        1559 6400  2  
[2026/03/11 20:17:41 328] isr        1547 ASR_MSG_AUW,   cloud  
[2026/03/11 20:17:41 361] isr        1559 6400  2  
[2026/03/11 20:17:41 823] isr        1547 ASR_MSG_AUW,   cloud  
[2026/03/11 20:17:41 881] isr        1559 6400  2  
[2026/03/11 20:17:42 089] isr        1547 ASR_MSG_AUW,   cloud  
[2026/03/11 20:17:42 228] isr        1559 6400  2  
[2026/03/11 20:17:42 344] isr        1547 ASR_MSG_AUW,   cloud  
[2026/03/11 20:17:42 377] isr        1559 6400  2  
[2026/03/11 20:17:42 715] isr        1547 ASR_MSG_AUW,   cloud  
[2026/03/11 20:17:43 082] isr        1559 6400  2  
[2026/03/11 20:17:43 286] isr        1547 ASR_MSG_AUW,   cloud  
[2026/03/11 20:17:43 368] isr        1559 6400  2  
[2026/03/11 20:17:43 700] isr        1547 ASR_MSG_AUW,   cloud  
[2026/03/11 20:17:43 861] isr        1559 6400  2  
[2026/03/11 20:17:44 299] isr        1547 ASR_MSG_AUW,   cloud  
[2026/03/11 20:17:44 348] isr        1559 6400  2  
[2026/03/11 20:17:45 062] isr        1547 ASR_MSG_AUW,   cloud  
[2026/03/11 20:17:45 096] isr        1559 6400  2  
[2026/03/11 20:17:45 172] isr        1547 ASR_MSG_AUW,   cloud  
[2026/03/11 20:17:45 259] isr        1559 6400  2  
[2026/03/11 20:17:45 799] isr        1547 ASR_MSG_AUW,   cloud  
[2026/03/11 20:17:45 894] isr        1559 6400  2  
[2026/03/11 20:17:46 208] isr        1547 ASR_MSG_AUW,   cloud  
[2026/03/11 20:17:46 240] isr        1559 6400  2  
[2026/03/11 20:17:46 432] isr        1547 ASR_MSG_AUW,   cloud  
[2026/03/11 20:17:46 563] isr        1559 7420  2  
[2026/03/11 20:17:46 577] isr        1547 ASR_MSG_AUW,   cloud  
[2026/03/11 20:17:46 606] isr        1559 0  4  
[2026/03/11 20:17:46 633] isr        1592 aud end, USER  
[2026/03/11 20:17:47 602] isr        854  [aud] speech end  
[2026/03/11 20:17:47 685] isr        798  3  msc  
[2026/03/11 20:17:47 783] isr        1636 ASR_MSG_GRSLT,   cloud  
[2026/03/11 20:17:47 806] isr        1335 0  nil  2  
[2026/03/11 20:17:48 075] isr        1636 ASR_MSG_GRSLT,   cloud  
[2026/03/11 20:17:48 094] isr        1335 0  nil  2  
[2026/03/11 20:17:48 309] isr        1636 ASR_MSG_GRSLT,   cloud  
[2026/03/11 20:17:48 317] isr        1335 0  nil  2  
[2026/03/11 20:17:48 528] isr        1636 ASR_MSG_GRSLT,   cloud  
[2026/03/11 20:17:48 614] isr        1335 0  nil  2  
[2026/03/11 20:17:49 592] isr        1636 ASR_MSG_GRSLT,   cloud  
[2026/03/11 20:17:49 656] isr        1335 0  nil  2  
[2026/03/11 20:17:49 882] isr        1636 ASR_MSG_GRSLT,   cloud  
[2026/03/11 20:17:49 892] isr        1335 0  nil  2  
[2026/03/11 20:17:50 140] isr        1636 ASR_MSG_GRSLT,   cloud  
[2026/03/11 20:17:50 171] isr        1335 0  nil  2  
[2026/03/11 20:17:50 372] isr        1636 ASR_MSG_GRSLT,   cloud  
[2026/03/11 20:17:50 392] isr        1335 0  nil  2  
[2026/03/11 20:17:50 618] isr        1636 ASR_MSG_GRSLT,   cloud  
[2026/03/11 20:17:50 632] isr        1335 0  nil  2  
[2026/03/11 20:17:50 840] isr        1636 ASR_MSG_GRSLT,   cloud  
[2026/03/11 20:17:50 854] isr        1335 0  nil  2  
[2026/03/11 20:17:51 072] isr        1636 ASR_MSG_GRSLT,   cloud  
[2026/03/11 20:17:51 075] isr        1335 0  nil  2  
[2026/03/11 20:17:52 307] isr        1636 ASR_MSG_GRSLT,   cloud  
[2026/03/11 20:17:52 381] isr        1335 0  nil  2  
[2026/03/11 20:17:52 595] isr        1636 ASR_MSG_GRSLT,   cloud  
[2026/03/11 20:17:52 605] isr        1335 0  nil  2  
[2026/03/11 20:17:52 830] isr        707  cloud_status_cb, start local.  
[2026/03/11 20:17:52 861] isr        1636 ASR_MSG_GRSLT,   cloud  
[2026/03/11 20:17:52 883] isr        1335 0  nil  2  
[2026/03/11 20:17:53 105] isr        1636 ASR_MSG_GRSLT,   cloud  
[2026/03/11 20:17:53 119] isr        1335 0  nil  2  
[2026/03/11 20:17:53 666] isr        1636 ASR_MSG_GRSLT,   cloud  
[2026/03/11 20:17:53 751] isr        1335 0  nil  2  
[2026/03/11 20:17:53 950] isr        1636 ASR_MSG_GRSLT,   cloud  
[2026/03/11 20:17:53 957] isr        1335 0  nil  2  
[2026/03/11 20:17:54 312] isr        1636 ASR_MSG_GRSLT,   cloud  
[2026/03/11 20:17:54 402] isr        1335 0  nil  2  
[2026/03/11 20:17:54 591] isr        1636 ASR_MSG_GRSLT,   cloud  
[2026/03/11 20:17:54 667] isr        1335 0  nil  2  
[2026/03/11 20:17:54 872] isr        1636 ASR_MSG_GRSLT,   cloud  
[2026/03/11 20:17:54 882] isr        1335 0  nil  2  
[2026/03/11 20:17:55 074] isr        1636 ASR_MSG_GRSLT,   cloud  
[2026/03/11 20:17:55 102] isr        1335 0  nil  2  
[2026/03/11 20:17:55 346] isr        1636 ASR_MSG_GRSLT,   cloud  
[2026/03/11 20:17:55 354] isr        1335 0  nil  2  
[2026/03/11 20:17:55 603] isr        1636 ASR_MSG_GRSLT,   cloud  
[2026/03/11 20:17:55 635] isr        1335 0  nil  2  
[2026/03/11 20:17:55 698] isr        700  cloud_status_cb, eps:  1  
[2026/03/11 20:17:55 708] isr        798  1  cloud  
[2026/03/11 20:17:55 710] isr        800  already speech end  
[2026/03/11 20:17:55 843] isr        1636 ASR_MSG_GRSLT,   cloud  
[2026/03/11 20:17:55 859] isr        1335 0  nil  2  
[2026/03/11 20:17:55 976] isr        700  cloud_status_cb, eps:  3  
[2026/03/11 20:17:55 986] isr        798  3  cloud  
[2026/03/11 20:17:55 990] isr        800  already speech end  
[2026/03/11 20:17:56 056] isr        1636 ASR_MSG_GRSLT,   cloud  
[2026/03/11 20:17:56 066] isr        1335 0  nil  2  
[2026/03/11 20:17:56 163] isr        662  cloud_rslt_cb status =   5  
[2026/03/11 20:17:56 173] isr        641  process_result call:  cloud  udata(80356a8) 5  nil  
[2026/03/11 20:17:56 189] isr        798  3  msc  
[2026/03/11 20:17:56 212] isr        800  already speech end  
[2026/03/11 20:17:56 271] isr        1636 ASR_MSG_GRSLT,   cloud  
[2026/03/11 20:17:56 278] isr        1335 0  udata(80356a8) 5  
[2026/03/11 20:17:56 476] isr        1639 ASR_MSG_SSE,   cloud  
[2026/03/11 20:17:56 496] isr        1356 session_end() [in]  
[2026/03/11 20:17:56 502] isr        1421 cloud_session_end() [in]  
[2026/03/11 20:17:56 548] isr        1488 ns_host=  open.xf-yun.com  
[2026/03/11 20:17:56 609] isr        1514 cloud_session_end() [out]  
[2026/03/11 20:17:56 725] isr        1667 isr unload!  
